==== DXF DIAGNOSTIC ENTITY LOG 2025-06-05 07:13:29 UTC ====
DXF file: 

---- TEXT/MTEXT/ATTRIB ----
TEXT: 'SCALE' at (275.9154595766, 53.9695313764) handle=ACD layer=M0166-05-0001-00_DXF_FORMAT
TEXT: 'DESIGNATION' at (334.8578277365, 53.92902625) handle=ACE layer=M0166-05-0001-00_DXF_FORMAT
TEXT: 'SIZE' at (407.5843661748, 54.2625546972) handle=ACF layer=M0166-05-0001-00_DXF_FORMAT
TEXT: 'A3' at (406.2016909273, 46.5942755885) handle=AD0 layer=M0166-05-0001-00_DXF_FORMAT
TEXT: 'MEC DESIGNER' at (275.5372613438, 8.5124805037) handle=AD1 layer=M0166-05-0001-00_DXF_FORMAT
TEXT: 'REQUESTER' at (295.0055711548, 8.6884127866) handle=AD2 layer=M0166-05-0001-00_DXF_FORMAT
TEXT: 'DESIGN OFFICE MNG' at (312.8493397673, 8.6335499393) handle=AD3 layer=M0166-05-0001-00_DXF_FORMAT
TEXT: 'CMD' at (337.322752366, 8.7463599802) handle=AD4 layer=M0166-05-0001-00_DXF_FORMAT
TEXT: 'NUMBER' at (372.2555740497, 8.8137656191) handle=AD5 layer=M0166-05-0001-00_DXF_FORMAT
TEXT: 'SHEET' at (408.6265066755, 9.0263742756) handle=AD6 layer=M0166-05-0001-00_DXF_FORMAT
TEXT: 'REVISIONS' at (13.9851364762, 290.4450921592) handle=AD7 layer=M0166-05-0001-00_DXF_FORMAT
TEXT: 'DATE' at (5.5442473249, 286.4371894044) handle=AD8 layer=M0166-05-0001-00_DXF_FORMAT
TEXT: 'REV.' at (17.4863273506, 286.5400422817) handle=AD9 layer=M0166-05-0001-00_DXF_FORMAT
TEXT: 'ECO NUM' at (26.050476386, 286.5754819676) handle=ADA layer=M0166-05-0001-00_DXF_FORMAT
TEXT: '1.000' at (274.1800305939, 48.5915196158) handle=ADB layer=M0166-05-0001-00_DXF_FORMAT
MTEXT: 'edCONFIDENTIAL: This document contains confidential or proprietary information not intended\Pfor public disclosure and shared only under a binding non-disclosure agreement. \PNo portion of this document may be reproduced, redistributed, or otherwise disclos' at (343.9023718009, 16.7188912226) handle=ADC layer=M0166-05-0001-00_DXF_FORMAT
TEXT: 'M0166-05-0001-00' at (360.6012057683, 2.5482315134) handle=ADD layer=M0166-05-0001-00_DXF_FORMAT
TEXT: '&PTC_WM_REVISION' at (12.9882689907, 283.7838230112) handle=ADE layer=M0166-05-0001-00_DXF_FORMAT
TEXT: '&PTC_WM_MODIFIED_ON' at (1.3009856855, 283.7430883295) handle=ADF layer=M0166-05-0001-00_DXF_FORMAT
TEXT: '' at (77.3620766084, 175.7290180525) handle=AEE layer=M0166-05-0001-00_DXF_DIMENSION
TEXT: '0.25' at (80.3620766084, 175.7290180525) handle=AEF layer=M0166-05-0001-00_DXF_DIMENSION
TEXT: 'A' at (103.9954099417, 175.7290180525) handle=AF4 layer=M0166-05-0001-00_DXF_DIMENSION
TEXT: '' at (107.1954099417, 175.7290180525) handle=AF5 layer=M0166-05-0001-00_DXF_DIMENSION
TEXT: 'B' at (110.1954099417, 175.7290180525) handle=AF6 layer=M0166-05-0001-00_DXF_DIMENSION
TEXT: '' at (120.7287432751, 175.7290180525) handle=AF7 layer=M0166-05-0001-00_DXF_DIMENSION
TEXT: 'C' at (123.7287432751, 175.7290180525) handle=AF8 layer=M0166-05-0001-00_DXF_DIMENSION
TEXT: '' at (74.8592420649, 222.371759334) handle=AFF layer=M0166-05-0001-00_DXF_DIMENSION
TEXT: '0.25' at (77.8592420649, 222.371759334) handle=B00 layer=M0166-05-0001-00_DXF_DIMENSION
TEXT: 'A' at (101.4925753982, 222.371759334) handle=B05 layer=M0166-05-0001-00_DXF_DIMENSION
TEXT: '' at (104.6925753982, 222.371759334) handle=B06 layer=M0166-05-0001-00_DXF_DIMENSION
TEXT: 'B' at (107.6925753982, 222.371759334) handle=B07 layer=M0166-05-0001-00_DXF_DIMENSION
TEXT: '' at (118.2259087316, 222.371759334) handle=B08 layer=M0166-05-0001-00_DXF_DIMENSION
TEXT: 'C' at (121.2259087316, 222.371759334) handle=B09 layer=M0166-05-0001-00_DXF_DIMENSION
TEXT: 'FLANGE MODEL TARGET' at (316.1918593843, 46.5814054486) handle=B0E layer=M0166-05-0001-00_DXF_TEXT
TEXT: 'L.SILAN' at (276.2243720955, 2.3386978351) handle=B0F layer=M0166-05-0001-00_DXF_TEXT
TEXT: 'B' at (137.3119250755, 259.324112082) handle=B11 layer=M0166-05-0001-00_DXF_TEXT
TEXT: 'C' at (165.4509428042, 138.277727902) handle=B13 layer=M0166-05-0001-00_DXF_TEXT
TEXT: 'A' at (226.3662384726, 99.9512301788) handle=B15 layer=M0166-05-0001-00_DXF_TEXT

---- BLOCKS (blockname: entries) ----
BLOCK: *MODEL_SPACE
  TEXT: 'SCALE' at (275.9154595766, 53.9695313764) handle=ACD layer=M0166-05-0001-00_DXF_FORMAT
  TEXT: 'DESIGNATION' at (334.8578277365, 53.92902625) handle=ACE layer=M0166-05-0001-00_DXF_FORMAT
  TEXT: 'SIZE' at (407.5843661748, 54.2625546972) handle=ACF layer=M0166-05-0001-00_DXF_FORMAT
  TEXT: 'A3' at (406.2016909273, 46.5942755885) handle=AD0 layer=M0166-05-0001-00_DXF_FORMAT
  TEXT: 'MEC DESIGNER' at (275.5372613438, 8.5124805037) handle=AD1 layer=M0166-05-0001-00_DXF_FORMAT
  TEXT: 'REQUESTER' at (295.0055711548, 8.6884127866) handle=AD2 layer=M0166-05-0001-00_DXF_FORMAT
  TEXT: 'DESIGN OFFICE MNG' at (312.8493397673, 8.6335499393) handle=AD3 layer=M0166-05-0001-00_DXF_FORMAT
  TEXT: 'CMD' at (337.322752366, 8.7463599802) handle=AD4 layer=M0166-05-0001-00_DXF_FORMAT
  TEXT: 'NUMBER' at (372.2555740497, 8.8137656191) handle=AD5 layer=M0166-05-0001-00_DXF_FORMAT
  TEXT: 'SHEET' at (408.6265066755, 9.0263742756) handle=AD6 layer=M0166-05-0001-00_DXF_FORMAT
  TEXT: 'REVISIONS' at (13.9851364762, 290.4450921592) handle=AD7 layer=M0166-05-0001-00_DXF_FORMAT
  TEXT: 'DATE' at (5.5442473249, 286.4371894044) handle=AD8 layer=M0166-05-0001-00_DXF_FORMAT
  TEXT: 'REV.' at (17.4863273506, 286.5400422817) handle=AD9 layer=M0166-05-0001-00_DXF_FORMAT
  TEXT: 'ECO NUM' at (26.050476386, 286.5754819676) handle=ADA layer=M0166-05-0001-00_DXF_FORMAT
  TEXT: '1.000' at (274.1800305939, 48.5915196158) handle=ADB layer=M0166-05-0001-00_DXF_FORMAT
  MTEXT: 'edCONFIDENTIAL: This document contains confidential or proprietary information not intended\Pfor public disclosure and shared only under a binding non-disclosure agreement. \PNo portion of this document may be reproduced, redistributed, or otherwise disclos' at (343.9023718009, 16.7188912226) handle=ADC layer=M0166-05-0001-00_DXF_FORMAT
  TEXT: 'M0166-05-0001-00' at (360.6012057683, 2.5482315134) handle=ADD layer=M0166-05-0001-00_DXF_FORMAT
  TEXT: '&PTC_WM_REVISION' at (12.9882689907, 283.7838230112) handle=ADE layer=M0166-05-0001-00_DXF_FORMAT
  TEXT: '&PTC_WM_MODIFIED_ON' at (1.3009856855, 283.7430883295) handle=ADF layer=M0166-05-0001-00_DXF_FORMAT
  TEXT: '' at (77.3620766084, 175.7290180525) handle=AEE layer=M0166-05-0001-00_DXF_DIMENSION
  TEXT: '0.25' at (80.3620766084, 175.7290180525) handle=AEF layer=M0166-05-0001-00_DXF_DIMENSION
  TEXT: 'A' at (103.9954099417, 175.7290180525) handle=AF4 layer=M0166-05-0001-00_DXF_DIMENSION
  TEXT: '' at (107.1954099417, 175.7290180525) handle=AF5 layer=M0166-05-0001-00_DXF_DIMENSION
  TEXT: 'B' at (110.1954099417, 175.7290180525) handle=AF6 layer=M0166-05-0001-00_DXF_DIMENSION
  TEXT: '' at (120.7287432751, 175.7290180525) handle=AF7 layer=M0166-05-0001-00_DXF_DIMENSION
  TEXT: 'C' at (123.7287432751, 175.7290180525) handle=AF8 layer=M0166-05-0001-00_DXF_DIMENSION
  TEXT: '' at (74.8592420649, 222.371759334) handle=AFF layer=M0166-05-0001-00_DXF_DIMENSION
  TEXT: '0.25' at (77.8592420649, 222.371759334) handle=B00 layer=M0166-05-0001-00_DXF_DIMENSION
  TEXT: 'A' at (101.4925753982, 222.371759334) handle=B05 layer=M0166-05-0001-00_DXF_DIMENSION
  TEXT: '' at (104.6925753982, 222.371759334) handle=B06 layer=M0166-05-0001-00_DXF_DIMENSION
  TEXT: 'B' at (107.6925753982, 222.371759334) handle=B07 layer=M0166-05-0001-00_DXF_DIMENSION
  TEXT: '' at (118.2259087316, 222.371759334) handle=B08 layer=M0166-05-0001-00_DXF_DIMENSION
  TEXT: 'C' at (121.2259087316, 222.371759334) handle=B09 layer=M0166-05-0001-00_DXF_DIMENSION
  TEXT: 'FLANGE MODEL TARGET' at (316.1918593843, 46.5814054486) handle=B0E layer=M0166-05-0001-00_DXF_TEXT
  TEXT: 'L.SILAN' at (276.2243720955, 2.3386978351) handle=B0F layer=M0166-05-0001-00_DXF_TEXT
  TEXT: 'B' at (137.3119250755, 259.324112082) handle=B11 layer=M0166-05-0001-00_DXF_TEXT
  TEXT: 'C' at (165.4509428042, 138.277727902) handle=B13 layer=M0166-05-0001-00_DXF_TEXT
  TEXT: 'A' at (226.3662384726, 99.9512301788) handle=B15 layer=M0166-05-0001-00_DXF_TEXT
BLOCK: *PAPER_SPACE
BLOCK: _FILLED
BLOCK: BLOCK_0_1_BL0
BLOCK: BLOCK_0_3_BL1
BLOCK: BLOCK_2_1_BL2
BLOCK: BLOCK_3_1_BL3
BLOCK: BLOCK_0_5_BL4
BLOCK: *D0
  TEXT: '28' at (128.7992165024, 97.7218994646) handle=A82 layer=M0166-05-0001-00_DXF_DIMENSION
BLOCK: *D1
  TEXT: '72' at (169.2869250755, 259.3414026459) handle=A8B layer=M0166-05-0001-00_DXF_DIMENSION
  TEXT: '0' at (175.6869250755, 262.3414026459) handle=A8C layer=M0166-05-0001-00_DXF_DIMENSION
  TEXT: '-0.5' at (175.6869250755, 256.3414026459) handle=A8D layer=M0166-05-0001-00_DXF_DIMENSION
BLOCK: *D2
  TEXT: '72' at (244.3841459667, 188.5596024525) handle=A96 layer=M0166-05-0001-00_DXF_DIMENSION
  TEXT: '0' at (250.7841459667, 191.5596024525) handle=A97 layer=M0166-05-0001-00_DXF_DIMENSION
  TEXT: '-0.5' at (250.7841459667, 185.5596024525) handle=A98 layer=M0166-05-0001-00_DXF_DIMENSION
BLOCK: *D3
  TEXT: '%%c' at (111.7287432751, 186.7290180525) handle=AA1 layer=M0166-05-0001-00_DXF_DIMENSION
  TEXT: '44' at (117.0620766084, 186.7290180525) handle=AA2 layer=M0166-05-0001-00_DXF_DIMENSION
  TEXT: '+0.4' at (123.4620766084, 189.7290180525) handle=AA3 layer=M0166-05-0001-00_DXF_DIMENSION
  TEXT: '0' at (123.4620766084, 183.7290180525) handle=AA4 layer=M0166-05-0001-00_DXF_DIMENSION
BLOCK: *D4
  TEXT: '4x' at (99.6259087316, 233.371759334) handle=AA9 layer=M0166-05-0001-00_DXF_DIMENSION
  TEXT: '%%c' at (109.2259087316, 233.371759334) handle=AAA layer=M0166-05-0001-00_DXF_DIMENSION
  TEXT: '8' at (114.5592420649, 233.371759334) handle=AAB layer=M0166-05-0001-00_DXF_DIMENSION
  TEXT: '+0.25' at (117.7592420649, 236.371759334) handle=AAC layer=M0166-05-0001-00_DXF_DIMENSION
  TEXT: '0' at (117.7592420649, 230.371759334) handle=AAD layer=M0166-05-0001-00_DXF_DIMENSION
BLOCK: *D5
  TEXT: '48' at (175.6869250755, 240.8839597094) handle=AB2 layer=M0166-05-0001-00_DXF_DIMENSION
BLOCK: *D6
  TEXT: '48' at (230.5122630292, 188.7612072865) handle=ABB layer=M0166-05-0001-00_DXF_DIMENSION
BLOCK: *D7
  TEXT: '4x' at (119.4847389454, 145.4074163225) handle=AC4 layer=M0166-05-0001-00_DXF_DIMENSION
  TEXT: 'R' at (129.0847389454, 145.4074163225) handle=AC5 layer=M0166-05-0001-00_DXF_DIMENSION
  TEXT: '6' at (132.2847389454, 145.4074163225) handle=AC6 layer=M0166-05-0001-00_DXF_DIMENSION

---- INSERTS (block references, with ATTRIB/TEXT) ----
INSERT: name=BLOCK_0_1_BL0 at (309.37408808, 34.0175007482) handle=AE0 layer=M0166-05-0001-00_DXF_FORMAT
INSERT: name=BLOCK_0_3_BL1 at (309.5493223237, 23.8396954422) handle=AE1 layer=M0166-05-0001-00_DXF_FORMAT
INSERT: name=BLOCK_2_1_BL2 at (328.3761662589, 24.0541533346) handle=AE2 layer=M0166-05-0001-00_DXF_FORMAT
INSERT: name=BLOCK_3_1_BL3 at (288.7001212113, 24.0644886211) handle=AE3 layer=M0166-05-0001-00_DXF_FORMAT
INSERT: name=BLOCK_0_5_BL4 at (406.9883928247, 20.3689905768) handle=AE4 layer=M0166-05-0001-00_DXF_FORMAT

---- FRAMES (LWPOLYLINE closed) ----

---- ARROWS ----
==== END OF LOG ====
