2025-06-09 15:03:46 UTC | === Module C Extraction DXF Métier - Démarrage (Fusion + OCR v3 + PDF vectoriel DEBUG) ===
2025-06-09 15:03:46 UTC | Chargement DXF: F:/MetricX_beta_0.1/CAD_datas/M0166-05-0001-00/m0166-05-0001-00.dxf
2025-06-09 15:03:46 UTC | Extraction des entités textuelles...
2025-06-09 15:03:46 UTC | 38 entités textuelles extraites.
2025-06-09 15:03:46 UTC | Extraction des blocs...
2025-06-09 15:03:46 UTC | 16 blocs extraits.
2025-06-09 15:03:46 UTC | Extraction des attributs d'insertion...
2025-06-09 15:03:46 UTC | 5 INSERT extraits.
2025-06-09 15:03:46 UTC | Extraction des cotes (dimensions)...
2025-06-09 15:03:46 UTC | 8 cotes détectées.
2025-06-09 15:03:46 UTC | Enrichissement DXF : rattachement textuel contextuel terminé.
2025-06-09 15:03:46 UTC | Lancement extraction PDF vectoriel (PyMuPDF) : F:/MetricX_beta_0.1/CAD_datas/M0166-05-0001-00/m0166-05-0001-00.pdf
2025-06-09 15:03:46 UTC | PDF vectoriel : 22 blocs texte extraits sur 1 page(s), 22 blocs analysés.
2025-06-09 15:03:46 UTC | PDFVEC: 'SCALE
DESIGNATION
SIZE
A3' (page: 0, pos: 782,679)
2025-06-09 15:03:46 UTC | PDFVEC: 'MEC DESIGNER
REQUESTER
DESIGN OFFICE MNG
CMD
NUMBER
SHEET' (page: 0, pos: 781,811)
2025-06-09 15:03:46 UTC | PDFVEC: 'REVISIONS
DATE
REV. ECO NUM' (page: 0, pos: 15,9)
2025-06-09 15:03:46 UTC | PDFVEC: '1.000' (page: 0, pos: 777,699)
2025-06-09 15:03:46 UTC | PDFVEC: 'CONFIDENTIAL: This document contains confidential or proprietary information not intended
for public disclosure and shared only under a binding non-disclosure agreement. 
No portion of this document may be reproduced, redistributed, or otherwise disclosed' (page: 0, pos: 883,792)
2025-06-09 15:03:46 UTC | PDFVEC: 'M0166-05-0001-00' (page: 0, pos: 1022,821)
2025-06-09 15:03:46 UTC | PDFVEC: '&PTC_WM_REVISION
&PTC_WM_MODIFIED_ON' (page: 0, pos: 3,33)
2025-06-09 15:03:46 UTC | PDFVEC: '28' (page: 0, pos: 365,549)
2025-06-09 15:03:46 UTC | PDFVEC: '72 0
-0.5' (page: 0, pos: 479,82)
2025-06-09 15:03:46 UTC | PDFVEC: '72 0
-0.5' (page: 0, pos: 692,283)
2025-06-09 15:03:46 UTC | PDFVEC: '0.25
A B
C' (page: 0, pos: 227,328)
2025-06-09 15:03:46 UTC | PDFVEC: '44+0.4
 0' (page: 0, pos: 331,288)
2025-06-09 15:03:46 UTC | PDFVEC: '0.25
A B
C' (page: 0, pos: 220,196)
2025-06-09 15:03:46 UTC | PDFVEC: '4x 
8+0.25
 0' (page: 0, pos: 282,156)
2025-06-09 15:03:46 UTC | PDFVEC: '48' (page: 0, pos: 498,143)
2025-06-09 15:03:46 UTC | PDFVEC: '48' (page: 0, pos: 653,291)
2025-06-09 15:03:46 UTC | PDFVEC: '4x R6' (page: 0, pos: 338,414)
2025-06-09 15:03:46 UTC | PDFVEC: 'FLANGE MODEL TARGET' (page: 0, pos: 896,694)
2025-06-09 15:03:46 UTC | PDFVEC: 'L.SILAN' (page: 0, pos: 782,827)
2025-06-09 15:03:46 UTC | PDFVEC: 'B' (page: 0, pos: 389,91)
2025-06-09 15:03:46 UTC | PDFVEC: 'C' (page: 0, pos: 468,434)
2025-06-09 15:03:46 UTC | PDFVEC: 'A' (page: 0, pos: 641,543)
2025-06-09 15:03:46 UTC | Lancement OCR sur le PDF : F:/MetricX_beta_0.1/CAD_datas/M0166-05-0001-00/m0166-05-0001-00.pdf
2025-06-09 15:03:51 UTC | OCR terminé : 59 textes détectés sur 1 page(s) du PDF.
2025-06-09 15:03:51 UTC | Liste brute des textes OCR extraits :
2025-06-09 15:03:51 UTC | OCR: 'REVISION' (conf: 96.0, page: 0, pos: 223,69)
2025-06-09 15:03:51 UTC | OCR: 'S)' (conf: 61.0, page: 0, pos: 442,69)
2025-06-09 15:03:51 UTC | OCR: 'DATE' (conf: 96.0, page: 0, pos: 90,133)
2025-06-09 15:03:51 UTC | OCR: '|' (conf: 90.0, page: 0, pos: 226,126)
2025-06-09 15:03:51 UTC | OCR: 'REV.|}ECO' (conf: 25.0, page: 0, pos: 278,130)
2025-06-09 15:03:51 UTC | OCR: 'NUM' (conf: 94.0, page: 0, pos: 525,131)
2025-06-09 15:03:51 UTC | OCR: 'RE' (conf: 6.0, page: 0, pos: 21,177)
2025-06-09 15:03:51 UTC | OCR: 'DESIGNATION' (conf: 96.0, page: 0, pos: 5276,3793)
2025-06-09 15:03:51 UTC | OCR: 'SIZE' (conf: 96.0, page: 0, pos: 6420,3788)
2025-06-09 15:03:51 UTC | OCR: 'FLANGE' (conf: 96.0, page: 0, pos: 4986,3883)
2025-06-09 15:03:51 UTC | OCR: 'MODEL' (conf: 95.0, page: 0, pos: 5335,3883)
2025-06-09 15:03:51 UTC | OCR: 'TARGET' (conf: 95.0, page: 0, pos: 5645,3883)
2025-06-09 15:03:51 UTC | OCR: 'CONFIDENTIAL:' (conf: 96.0, page: 0, pos: 4907,4412)
2025-06-09 15:03:51 UTC | OCR: 'This' (conf: 96.0, page: 0, pos: 5106,4413)
2025-06-09 15:03:51 UTC | OCR: 'document' (conf: 96.0, page: 0, pos: 5161,4413)
2025-06-09 15:03:51 UTC | OCR: 'contains' (conf: 96.0, page: 0, pos: 5280,4413)
2025-06-09 15:03:51 UTC | OCR: 'confidential' (conf: 96.0, page: 0, pos: 5381,4412)
2025-06-09 15:03:51 UTC | OCR: 'or' (conf: 96.0, page: 0, pos: 5516,4417)
2025-06-09 15:03:51 UTC | OCR: 'proprietary' (conf: 96.0, page: 0, pos: 5547,4413)
2025-06-09 15:03:51 UTC | OCR: 'information' (conf: 96.0, page: 0, pos: 5675,4412)
2025-06-09 15:03:51 UTC | OCR: 'not' (conf: 96.0, page: 0, pos: 5807,4414)
2025-06-09 15:03:51 UTC | OCR: 'intended' (conf: 96.0, page: 0, pos: 5850,4413)
2025-06-09 15:03:51 UTC | OCR: 'for' (conf: 97.0, page: 0, pos: 4976,4438)
2025-06-09 15:03:51 UTC | OCR: 'public' (conf: 96.0, page: 0, pos: 5014,4439)
2025-06-09 15:03:51 UTC | OCR: 'disclosure' (conf: 96.0, page: 0, pos: 5087,4439)
2025-06-09 15:03:51 UTC | OCR: 'and' (conf: 96.0, page: 0, pos: 5208,4439)
2025-06-09 15:03:51 UTC | OCR: 'shared' (conf: 96.0, page: 0, pos: 5257,4439)
2025-06-09 15:03:51 UTC | OCR: 'only' (conf: 96.0, page: 0, pos: 5341,4439)
2025-06-09 15:03:51 UTC | OCR: 'und' (conf: 89.0, page: 0, pos: 5423,4439)
2025-06-09 15:03:51 UTC | OCR: 'binding' (conf: 93.0, page: 0, pos: 5489,4439)
2025-06-09 15:03:51 UTC | OCR: 'non-di' (conf: 38.0, page: 0, pos: 5578,4439)
2025-06-09 15:03:51 UTC | OCR: 'e' (conf: 68.0, page: 0, pos: 5728,4443)
2025-06-09 15:03:51 UTC | OCR: 'agreement.' (conf: 96.0, page: 0, pos: 5749,4440)
2025-06-09 15:03:51 UTC | OCR: '1' (conf: 0.0, page: 0, pos: 6403,4456)
2025-06-09 15:03:51 UTC | OCR: 'ortion' (conf: 64.0, page: 0, pos: 5003,4465)
2025-06-09 15:03:51 UTC | OCR: 'of' (conf: 96.0, page: 0, pos: 5074,4464)
2025-06-09 15:03:51 UTC | OCR: 'this' (conf: 96.0, page: 0, pos: 5102,4465)
2025-06-09 15:03:51 UTC | OCR: 'document' (conf: 95.0, page: 0, pos: 5149,4465)
2025-06-09 15:03:51 UTC | OCR: 'may' (conf: 96.0, page: 0, pos: 5268,4469)
2025-06-09 15:03:51 UTC | OCR: 'be' (conf: 97.0, page: 0, pos: 5323,4465)
2025-06-09 15:03:51 UTC | OCR: 'i' (conf: 96.0, page: 0, pos: 5571,4465)
2025-06-09 15:03:51 UTC | OCR: 'ed' (conf: 88.0, page: 0, pos: 5876,4465)
2025-06-09 15:03:51 UTC | OCR: 'NUMBER' (conf: 96.0, page: 0, pos: 5864,4521)
2025-06-09 15:03:51 UTC | OCR: '|' (conf: 36.0, page: 0, pos: 6355,4503)
2025-06-09 15:03:51 UTC | OCR: 'SHEET' (conf: 36.0, page: 0, pos: 6434,4507)
2025-06-09 15:03:51 UTC | OCR: '—' (conf: 78.0, page: 0, pos: 5302,4470)
2025-06-09 15:03:51 UTC | OCR: '-' (conf: 73.0, page: 0, pos: 5380,4469)
2025-06-09 15:03:51 UTC | OCR: '——' (conf: 14.0, page: 0, pos: 5718,4469)
2025-06-09 15:03:51 UTC | OCR: 'ean' (conf: 9.0, page: 0, pos: 4284,4494)
2025-06-09 15:03:51 UTC | OCR: '{>' (conf: 31.0, page: 0, pos: 4560,4494)
2025-06-09 15:03:51 UTC | OCR: 'TTT' (conf: 23.0, page: 0, pos: 4861,4494)
2025-06-09 15:03:51 UTC | OCR: 'M0t66-08-0007-00' (conf: 0.0, page: 0, pos: 5694,4494)
2025-06-09 15:03:51 UTC | OCR: 'No' (conf: 95.0, page: 0, pos: 4951,4465)
2025-06-09 15:03:51 UTC | OCR: 'pi' (conf: 87.0, page: 0, pos: 4985,4461)
2025-06-09 15:03:51 UTC | OCR: 'reproduced,' (conf: 96.0, page: 0, pos: 5358,4465)
2025-06-09 15:03:51 UTC | OCR: 'redistributed,' (conf: 96.0, page: 0, pos: 5500,4465)
2025-06-09 15:03:51 UTC | OCR: 'or' (conf: 96.0, page: 0, pos: 5656,4469)
2025-06-09 15:03:51 UTC | OCR: 'otherwise' (conf: 93.0, page: 0, pos: 5686,4465)
2025-06-09 15:03:51 UTC | OCR: 'disclos' (conf: 60.0, page: 0, pos: 5798,4465)
2025-06-09 15:03:51 UTC | Bounding Box DXF : xmin=0.0, ymin=-0.0188041688, xmax=420.0393322472, ymax=297.0000002775
2025-06-09 15:03:51 UTC | [DEBUG][DXF→PDF] DIM AE6 DXF=(132.00,113.72) → PDF px,py=(2078,2886)
2025-06-09 15:03:51 UTC | [DEBUG][DIST] TXT='SCALE
DESIGNATION
SIZE
A3' @ (979,697) dist=2449.4
2025-06-09 15:03:51 UTC | [DEBUG][DIST] TXT='MEC DESIGNER
REQUESTER
DESIGN OFFICE MNG
CMD
NUMBER
SHEET' @ (976,814) dist=2346.8
2025-06-09 15:03:51 UTC | [DEBUG][DIST] TXT='REVISIONS
DATE
REV. ECO NUM' @ (63,20) dist=3503.5
2025-06-09 15:03:51 UTC | [DEBUG][DIST] TXT='1.000' @ (782,701) dist=2540.4
2025-06-09 15:03:51 UTC | [DEBUG][DIST] TXT='CONFIDENTIAL: This document contains confidential or proprietary information not intended
for public disclosure and shared only under a binding non-disclosure agreement. 
No portion of this document may be reproduced, redistributed, or otherwise disclosed' @ (976,799) dist=2360.1
2025-06-09 15:03:51 UTC | [DEBUG][DIST] TXT='M0166-05-0001-00' @ (1074,829) dist=2288.9
2025-06-09 15:03:51 UTC | [DEBUG][DIST] TXT='&PTC_WM_REVISION
&PTC_WM_MODIFIED_ON' @ (41,35) dist=3503.9
2025-06-09 15:03:51 UTC | [DEBUG][DIST] TXT='28' @ (373,559) dist=2884.8
2025-06-09 15:03:51 UTC | [DEBUG][DIST] TXT='72 0
-0.5' @ (500,100) dist=3201.9
2025-06-09 15:03:51 UTC | [DEBUG][DIST] TXT='72 0
-0.5' @ (713,301) dist=2923.3
2025-06-09 15:03:51 UTC | [DEBUG][DIST] TXT='0.25
A B
C' @ (293,338) dist=3111.0
2025-06-09 15:03:51 UTC | [DEBUG][DIST] TXT='44+0.4
 0' @ (354,306) dist=3103.0
2025-06-09 15:03:51 UTC | [DEBUG][DIST] TXT='0.25
A B
C' @ (286,206) dist=3223.9
2025-06-09 15:03:51 UTC | [DEBUG][DIST] TXT='4x 
8+0.25
 0' @ (326,174) dist=3228.7
2025-06-09 15:03:51 UTC | [DEBUG][DIST] TXT='48' @ (506,153) dist=3152.9
2025-06-09 15:03:51 UTC | [DEBUG][DIST] TXT='48' @ (661,301) dist=2947.9
2025-06-09 15:03:51 UTC | [DEBUG][DIST] TXT='4x R6' @ (360,424) dist=3002.2
2025-06-09 15:03:51 UTC | [DEBUG][DIST] TXT='FLANGE MODEL TARGET' @ (985,704) dist=2440.4
2025-06-09 15:03:51 UTC | [DEBUG][DIST] TXT='L.SILAN' @ (795,832) dist=2421.8
2025-06-09 15:03:51 UTC | [DEBUG][DIST] TXT='B' @ (393,101) dist=3255.1
2025-06-09 15:03:51 UTC | [DEBUG][DIST] TXT='C' @ (473,444) dist=2922.2
2025-06-09 15:03:51 UTC | [DEBUG][DIST] TXT='A' @ (645,553) dist=2738.0
2025-06-09 15:03:51 UTC | [DEBUG][DIST] TXT='REVISION' @ (330,86) dist=3300.8
2025-06-09 15:03:51 UTC | [DEBUG][DIST] TXT='S)' @ (455,86) dist=3236.4
2025-06-09 15:03:51 UTC | [DEBUG][DIST] TXT='DATE' @ (148,149) dist=3349.0
2025-06-09 15:03:51 UTC | [DEBUG][DIST] TXT='|' @ (239,151) dist=3295.8
2025-06-09 15:03:51 UTC | [DEBUG][DIST] TXT='REV.|}ECO' @ (393,147) dist=3215.8
2025-06-09 15:03:51 UTC | [DEBUG][DIST] TXT='NUM' @ (574,148) dist=3123.9
2025-06-09 15:03:51 UTC | [DEBUG][DIST] TXT='RE' @ (329,201) dist=3204.4
2025-06-09 15:03:51 UTC | [DEBUG][DIST] TXT='DESIGNATION' @ (5431,3810) dist=3478.0
2025-06-09 15:03:51 UTC | [DEBUG][DIST] TXT='SIZE' @ (6469,3805) dist=4486.1
2025-06-09 15:03:51 UTC | [DEBUG][DIST] TXT='FLANGE' @ (5144,3913) dist=3233.4
2025-06-09 15:03:51 UTC | [DEBUG][DIST] TXT='MODEL' @ (5476,3913) dist=3549.8
2025-06-09 15:03:51 UTC | [DEBUG][DIST] TXT='TARGET' @ (5809,3913) dist=3869.8
2025-06-09 15:03:51 UTC | [DEBUG][DIST] TXT='CONFIDENTIAL:' @ (5001,4421) dist=3301.5
2025-06-09 15:03:51 UTC | [DEBUG][DIST] TXT='This' @ (5129,4422) dist=3415.8
2025-06-09 15:03:51 UTC | [DEBUG][DIST] TXT='document' @ (5216,4422) dist=3493.8
2025-06-09 15:03:51 UTC | [DEBUG][DIST] TXT='contains' @ (5326,4422) dist=3592.9
2025-06-09 15:03:51 UTC | [DEBUG][DIST] TXT='confidential' @ (5444,4421) dist=3699.5
2025-06-09 15:03:51 UTC | [DEBUG][DIST] TXT='or' @ (5527,4424) dist=3776.4
2025-06-09 15:03:51 UTC | [DEBUG][DIST] TXT='proprietary' @ (5606,4424) dist=3848.7
2025-06-09 15:03:51 UTC | [DEBUG][DIST] TXT='information' @ (5736,4421) dist=3967.0
2025-06-09 15:03:51 UTC | [DEBUG][DIST] TXT='not' @ (5824,4422) dist=4048.7
2025-06-09 15:03:51 UTC | [DEBUG][DIST] TXT='intended' @ (5897,4422) dist=4116.3
2025-06-09 15:03:51 UTC | [DEBUG][DIST] TXT='for' @ (4991,4447) dist=3304.9
2025-06-09 15:03:51 UTC | [DEBUG][DIST] TXT='public' @ (5046,4450) dist=3354.9
2025-06-09 15:03:51 UTC | [DEBUG][DIST] TXT='disclosure' @ (5143,4448) dist=3440.1
2025-06-09 15:03:51 UTC | [DEBUG][DIST] TXT='and' @ (5227,4448) dist=3515.1
2025-06-09 15:03:51 UTC | [DEBUG][DIST] TXT='shared' @ (5294,4448) dist=3575.3
2025-06-09 15:03:51 UTC | [DEBUG][DIST] TXT='only' @ (5364,4450) dist=3639.2
2025-06-09 15:03:51 UTC | [DEBUG][DIST] TXT='und' @ (5429,4448) dist=3697.2
2025-06-09 15:03:51 UTC | [DEBUG][DIST] TXT='binding' @ (5528,4450) dist=3788.0
2025-06-09 15:03:51 UTC | [DEBUG][DIST] TXT='non-di' @ (5611,4448) dist=3862.9
2025-06-09 15:03:51 UTC | [DEBUG][DIST] TXT='e' @ (5734,4450) dist=3976.5
2025-06-09 15:03:51 UTC | [DEBUG][DIST] TXT='agreement.' @ (5811,4448) dist=4046.6
2025-06-09 15:03:51 UTC | [DEBUG][DIST] TXT='1' @ (6409,4462) dist=4608.8
2025-06-09 15:03:51 UTC | [DEBUG][DIST] TXT='ortion' @ (5034,4474) dist=3355.5
2025-06-09 15:03:51 UTC | [DEBUG][DIST] TXT='of' @ (5084,4473) dist=3399.2
2025-06-09 15:03:51 UTC | [DEBUG][DIST] TXT='this' @ (5121,4474) dist=3432.4
2025-06-09 15:03:51 UTC | [DEBUG][DIST] TXT='document' @ (5204,4474) dist=3506.2
2025-06-09 15:03:51 UTC | [DEBUG][DIST] TXT='may' @ (5284,4476) dist=3578.6
2025-06-09 15:03:51 UTC | [DEBUG][DIST] TXT='be' @ (5335,4474) dist=3623.5
2025-06-09 15:03:51 UTC | [DEBUG][DIST] TXT='i' @ (5572,4466) dist=3834.6
2025-06-09 15:03:51 UTC | [DEBUG][DIST] TXT='ed' @ (5888,4474) dist=4127.7
2025-06-09 15:03:51 UTC | [DEBUG][DIST] TXT='NUMBER' @ (5913,4529) dist=4172.1
2025-06-09 15:03:51 UTC | [DEBUG][DIST] TXT='|' @ (6375,4529) dist=4600.4
2025-06-09 15:03:51 UTC | [DEBUG][DIST] TXT='SHEET' @ (6474,4529) dist=4693.0
2025-06-09 15:03:51 UTC | [DEBUG][DIST] TXT='—' @ (5333,4504) dist=3635.0
2025-06-09 15:03:51 UTC | [DEBUG][DIST] TXT='-' @ (5386,4478) dist=3671.1
2025-06-09 15:03:51 UTC | [DEBUG][DIST] TXT='——' @ (5780,4476) dist=4029.0
2025-06-09 15:03:51 UTC | [DEBUG][DIST] TXT='ean' @ (4391,4586) dist=2870.5
2025-06-09 15:03:51 UTC | [DEBUG][DIST] TXT='{>' @ (4644,4586) dist=3078.0
2025-06-09 15:03:51 UTC | [DEBUG][DIST] TXT='TTT' @ (5209,4586) dist=3562.7
2025-06-09 15:03:51 UTC | [DEBUG][DIST] TXT='M0t66-08-0007-00' @ (5986,4586) dist=4261.7
2025-06-09 15:03:51 UTC | [DEBUG][DIST] TXT='No' @ (4963,4474) dist=3293.2
2025-06-09 15:03:51 UTC | [DEBUG][DIST] TXT='pi' @ (4993,4476) dist=3320.4
2025-06-09 15:03:51 UTC | [DEBUG][DIST] TXT='reproduced,' @ (5423,4476) dist=3703.7
2025-06-09 15:03:51 UTC | [DEBUG][DIST] TXT='redistributed,' @ (5571,4475) dist=3837.4
2025-06-09 15:03:51 UTC | [DEBUG][DIST] TXT='or' @ (5665,4476) dist=3923.6
2025-06-09 15:03:51 UTC | [DEBUG][DIST] TXT='otherwise' @ (5724,4466) dist=3973.6
2025-06-09 15:03:51 UTC | [DEBUG][DIST] TXT='disclos' @ (5836,4474) dist=4079.7
2025-06-09 15:03:51 UTC | [NO_MATCH] Aucun texte trouvé pour la cote pos=(131.9992165024, 113.7218994646) - Textes candidats: ['SCALE\nDESIGNATION\nSIZE\nA3', 'MEC DESIGNER\nREQUESTER\nDESIGN OFFICE MNG\nCMD\nNUMBER\nSHEET', 'REVISIONS\nDATE\nREV. ECO NUM', '1.000', 'CONFIDENTIAL: This document contains confidential or proprietary information not intended\nfor public disclosure and shared only under a binding non-disclosure agreement. \nNo portion of this document may be reproduced, redistributed, or otherwise disclosed', 'M0166-05-0001-00', '&PTC_WM_REVISION\n&PTC_WM_MODIFIED_ON', '28', '72 0\n-0.5', '72 0\n-0.5', '0.25\nA B\nC', '44+0.4\n 0', '0.25\nA B\nC', '4x \n8+0.25\n 0', '48', '48', '4x R6', 'FLANGE MODEL TARGET', 'L.SILAN', 'B', 'C', 'A', 'REVISION', 'S)', 'DATE', '|', 'REV.|}ECO', 'NUM', 'RE', 'DESIGNATION', 'SIZE', 'FLANGE', 'MODEL', 'TARGET', 'CONFIDENTIAL:', 'This', 'document', 'contains', 'confidential', 'or', 'proprietary', 'information', 'not', 'intended', 'for', 'public', 'disclosure', 'and', 'shared', 'only', 'und', 'binding', 'non-di', 'e', 'agreement.', '1', 'ortion', 'of', 'this', 'document', 'may', 'be', 'i', 'ed', 'NUMBER', '|', 'SHEET', '—', '-', '——', 'ean', '{>', 'TTT', 'M0t66-08-0007-00', 'No', 'pi', 'reproduced,', 'redistributed,', 'or', 'otherwise', 'disclos']
2025-06-09 15:03:51 UTC | [DEBUG][DXF→PDF] DIM AE7 DXF=(214.89,261.34) → PDF px,py=(3384,561)
2025-06-09 15:03:51 UTC | [DEBUG][DIST] TXT='SCALE
DESIGNATION
SIZE
A3' @ (979,697) dist=2408.8
2025-06-09 15:03:51 UTC | [DEBUG][DIST] TXT='MEC DESIGNER
REQUESTER
DESIGN OFFICE MNG
CMD
NUMBER
SHEET' @ (976,814) dist=2421.3
2025-06-09 15:03:51 UTC | [DEBUG][DIST] TXT='REVISIONS
DATE
REV. ECO NUM' @ (63,20) dist=3364.8
2025-06-09 15:03:51 UTC | [DEBUG][DIST] TXT='1.000' @ (782,701) dist=2605.8
2025-06-09 15:03:51 UTC | [DEBUG][DIST] TXT='CONFIDENTIAL: This document contains confidential or proprietary information not intended
for public disclosure and shared only under a binding non-disclosure agreement. 
No portion of this document may be reproduced, redistributed, or otherwise disclosed' @ (976,799) dist=2419.7
2025-06-09 15:03:51 UTC | [DEBUG][DIST] TXT='M0166-05-0001-00' @ (1074,829) dist=2325.5
2025-06-09 15:03:51 UTC | [DEBUG][DIST] TXT='&PTC_WM_REVISION
&PTC_WM_MODIFIED_ON' @ (41,35) dist=3384.1
2025-06-09 15:03:51 UTC | [DEBUG][DIST] TXT='28' @ (373,559) dist=3011.0
2025-06-09 15:03:51 UTC | [DEBUG][DIST] TXT='72 0
-0.5' @ (500,100) dist=2920.6
2025-06-09 15:03:51 UTC | [DEBUG][DIST] TXT='72 0
-0.5' @ (713,301) dist=2683.6
2025-06-09 15:03:51 UTC | [DEBUG][DIST] TXT='0.25
A B
C' @ (293,338) dist=3099.0
2025-06-09 15:03:51 UTC | [DEBUG][DIST] TXT='44+0.4
 0' @ (354,306) dist=3040.7
2025-06-09 15:03:51 UTC | [DEBUG][DIST] TXT='0.25
A B
C' @ (286,206) dist=3118.3
2025-06-09 15:03:51 UTC | [DEBUG][DIST] TXT='4x 
8+0.25
 0' @ (326,174) dist=3082.4
2025-06-09 15:03:51 UTC | [DEBUG][DIST] TXT='48' @ (506,153) dist=2906.8
2025-06-09 15:03:51 UTC | [DEBUG][DIST] TXT='48' @ (661,301) dist=2735.4
2025-06-09 15:03:51 UTC | [DEBUG][DIST] TXT='4x R6' @ (360,424) dist=3027.1
2025-06-09 15:03:51 UTC | [DEBUG][DIST] TXT='FLANGE MODEL TARGET' @ (985,704) dist=2403.3
2025-06-09 15:03:51 UTC | [DEBUG][DIST] TXT='L.SILAN' @ (795,832) dist=2603.1
2025-06-09 15:03:51 UTC | [DEBUG][DIST] TXT='B' @ (393,101) dist=3026.2
2025-06-09 15:03:51 UTC | [DEBUG][DIST] TXT='C' @ (473,444) dist=2913.4
2025-06-09 15:03:51 UTC | [DEBUG][DIST] TXT='A' @ (645,553) dist=2739.0
2025-06-09 15:03:51 UTC | [DEBUG][DIST] TXT='REVISION' @ (330,86) dist=3090.7
2025-06-09 15:03:51 UTC | [DEBUG][DIST] TXT='S)' @ (455,86) dist=2967.3
2025-06-09 15:03:51 UTC | [DEBUG][DIST] TXT='DATE' @ (148,149) dist=3262.1
2025-06-09 15:03:51 UTC | [DEBUG][DIST] TXT='|' @ (239,151) dist=3171.6
2025-06-09 15:03:51 UTC | [DEBUG][DIST] TXT='REV.|}ECO' @ (393,147) dist=3019.5
2025-06-09 15:03:51 UTC | [DEBUG][DIST] TXT='NUM' @ (574,148) dist=2840.2
2025-06-09 15:03:51 UTC | [DEBUG][DIST] TXT='RE' @ (329,201) dist=3076.1
2025-06-09 15:03:51 UTC | [DEBUG][DIST] TXT='DESIGNATION' @ (5431,3810) dist=3840.1
2025-06-09 15:03:51 UTC | [DEBUG][DIST] TXT='SIZE' @ (6469,3805) dist=4476.7
2025-06-09 15:03:51 UTC | [DEBUG][DIST] TXT='FLANGE' @ (5144,3913) dist=3786.0
2025-06-09 15:03:51 UTC | [DEBUG][DIST] TXT='MODEL' @ (5476,3913) dist=3951.2
2025-06-09 15:03:51 UTC | [DEBUG][DIST] TXT='TARGET' @ (5809,3913) dist=4137.2
2025-06-09 15:03:51 UTC | [DEBUG][DIST] TXT='CONFIDENTIAL:' @ (5001,4421) dist=4185.0
2025-06-09 15:03:51 UTC | [DEBUG][DIST] TXT='This' @ (5129,4422) dist=4237.0
2025-06-09 15:03:51 UTC | [DEBUG][DIST] TXT='document' @ (5216,4422) dist=4273.6
2025-06-09 15:03:51 UTC | [DEBUG][DIST] TXT='contains' @ (5326,4422) dist=4321.9
2025-06-09 15:03:51 UTC | [DEBUG][DIST] TXT='confidential' @ (5444,4421) dist=4375.3
2025-06-09 15:03:51 UTC | [DEBUG][DIST] TXT='or' @ (5527,4424) dist=4417.6
2025-06-09 15:03:51 UTC | [DEBUG][DIST] TXT='proprietary' @ (5606,4424) dist=4456.5
2025-06-09 15:03:51 UTC | [DEBUG][DIST] TXT='information' @ (5736,4421) dist=4520.1
2025-06-09 15:03:51 UTC | [DEBUG][DIST] TXT='not' @ (5824,4422) dist=4567.4
2025-06-09 15:03:51 UTC | [DEBUG][DIST] TXT='intended' @ (5897,4422) dist=4606.8
2025-06-09 15:03:51 UTC | [DEBUG][DIST] TXT='for' @ (4991,4447) dist=4205.2
2025-06-09 15:03:51 UTC | [DEBUG][DIST] TXT='public' @ (5046,4450) dist=4229.3
2025-06-09 15:03:51 UTC | [DEBUG][DIST] TXT='disclosure' @ (5143,4448) dist=4266.5
2025-06-09 15:03:51 UTC | [DEBUG][DIST] TXT='and' @ (5227,4448) dist=4301.8
2025-06-09 15:03:51 UTC | [DEBUG][DIST] TXT='shared' @ (5294,4448) dist=4330.9
2025-06-09 15:03:51 UTC | [DEBUG][DIST] TXT='only' @ (5364,4450) dist=4364.0
2025-06-09 15:03:51 UTC | [DEBUG][DIST] TXT='und' @ (5429,4448) dist=4392.1
2025-06-09 15:03:51 UTC | [DEBUG][DIST] TXT='binding' @ (5528,4450) dist=4440.8
2025-06-09 15:03:51 UTC | [DEBUG][DIST] TXT='non-di' @ (5611,4448) dist=4479.8
2025-06-09 15:03:51 UTC | [DEBUG][DIST] TXT='e' @ (5734,4450) dist=4543.9
2025-06-09 15:03:51 UTC | [DEBUG][DIST] TXT='agreement.' @ (5811,4448) dist=4582.5
2025-06-09 15:03:51 UTC | [DEBUG][DIST] TXT='1' @ (6409,4462) dist=4936.4
2025-06-09 15:03:51 UTC | [DEBUG][DIST] TXT='ortion' @ (5034,4474) dist=4246.7
2025-06-09 15:03:51 UTC | [DEBUG][DIST] TXT='of' @ (5084,4473) dist=4265.4
2025-06-09 15:03:51 UTC | [DEBUG][DIST] TXT='this' @ (5121,4474) dist=4281.2
2025-06-09 15:03:51 UTC | [DEBUG][DIST] TXT='document' @ (5204,4474) dist=4315.5
2025-06-09 15:03:51 UTC | [DEBUG][DIST] TXT='may' @ (5284,4476) dist=4351.7
2025-06-09 15:03:51 UTC | [DEBUG][DIST] TXT='be' @ (5335,4474) dist=4372.4
2025-06-09 15:03:51 UTC | [DEBUG][DIST] TXT='i' @ (5572,4466) dist=4476.2
2025-06-09 15:03:51 UTC | [DEBUG][DIST] TXT='ed' @ (5888,4474) dist=4645.6
2025-06-09 15:03:51 UTC | [DEBUG][DIST] TXT='NUMBER' @ (5913,4529) dist=4705.4
2025-06-09 15:03:51 UTC | [DEBUG][DIST] TXT='|' @ (6375,4529) dist=4969.0
2025-06-09 15:03:51 UTC | [DEBUG][DIST] TXT='SHEET' @ (6474,4529) dist=5029.2
2025-06-09 15:03:51 UTC | [DEBUG][DIST] TXT='—' @ (5333,4504) dist=4398.4
2025-06-09 15:03:51 UTC | [DEBUG][DIST] TXT='-' @ (5386,4478) dist=4399.0
2025-06-09 15:03:51 UTC | [DEBUG][DIST] TXT='——' @ (5780,4476) dist=4590.0
2025-06-09 15:03:51 UTC | [DEBUG][DIST] TXT='ean' @ (4391,4586) dist=4149.1
2025-06-09 15:03:51 UTC | [DEBUG][DIST] TXT='{>' @ (4644,4586) dist=4217.6
2025-06-09 15:03:51 UTC | [DEBUG][DIST] TXT='TTT' @ (5209,4586) dist=4419.4
2025-06-09 15:03:51 UTC | [DEBUG][DIST] TXT='M0t66-08-0007-00' @ (5986,4586) dist=4792.8
2025-06-09 15:03:51 UTC | [DEBUG][DIST] TXT='No' @ (4963,4474) dist=4219.6
2025-06-09 15:03:51 UTC | [DEBUG][DIST] TXT='pi' @ (4993,4476) dist=4232.7
2025-06-09 15:03:51 UTC | [DEBUG][DIST] TXT='reproduced,' @ (5423,4476) dist=4414.2
2025-06-09 15:03:51 UTC | [DEBUG][DIST] TXT='redistributed,' @ (5571,4475) dist=4483.6
2025-06-09 15:03:51 UTC | [DEBUG][DIST] TXT='or' @ (5665,4476) dist=4531.0
2025-06-09 15:03:51 UTC | [DEBUG][DIST] TXT='otherwise' @ (5724,4466) dist=4552.4
2025-06-09 15:03:51 UTC | [DEBUG][DIST] TXT='disclos' @ (5836,4474) dist=4617.8
2025-06-09 15:03:51 UTC | [NO_MATCH] Aucun texte trouvé pour la cote pos=(214.8869250755, 261.3414026459) - Textes candidats: ['SCALE\nDESIGNATION\nSIZE\nA3', 'MEC DESIGNER\nREQUESTER\nDESIGN OFFICE MNG\nCMD\nNUMBER\nSHEET', 'REVISIONS\nDATE\nREV. ECO NUM', '1.000', 'CONFIDENTIAL: This document contains confidential or proprietary information not intended\nfor public disclosure and shared only under a binding non-disclosure agreement. \nNo portion of this document may be reproduced, redistributed, or otherwise disclosed', 'M0166-05-0001-00', '&PTC_WM_REVISION\n&PTC_WM_MODIFIED_ON', '28', '72 0\n-0.5', '72 0\n-0.5', '0.25\nA B\nC', '44+0.4\n 0', '0.25\nA B\nC', '4x \n8+0.25\n 0', '48', '48', '4x R6', 'FLANGE MODEL TARGET', 'L.SILAN', 'B', 'C', 'A', 'REVISION', 'S)', 'DATE', '|', 'REV.|}ECO', 'NUM', 'RE', 'DESIGNATION', 'SIZE', 'FLANGE', 'MODEL', 'TARGET', 'CONFIDENTIAL:', 'This', 'document', 'contains', 'confidential', 'or', 'proprietary', 'information', 'not', 'intended', 'for', 'public', 'disclosure', 'and', 'shared', 'only', 'und', 'binding', 'non-di', 'e', 'agreement.', '1', 'ortion', 'of', 'this', 'document', 'may', 'be', 'i', 'ed', 'NUMBER', '|', 'SHEET', '—', '-', '——', 'ean', '{>', 'TTT', 'M0t66-08-0007-00', 'No', 'pi', 'reproduced,', 'redistributed,', 'or', 'otherwise', 'disclos']
2025-06-09 15:03:51 UTC | [DEBUG][DXF→PDF] DIM AE8 DXF=(253.98,154.56) → PDF px,py=(3999,2243)
2025-06-09 15:03:51 UTC | [DEBUG][DIST] TXT='SCALE
DESIGNATION
SIZE
A3' @ (979,697) dist=3392.7
2025-06-09 15:03:51 UTC | [DEBUG][DIST] TXT='MEC DESIGNER
REQUESTER
DESIGN OFFICE MNG
CMD
NUMBER
SHEET' @ (976,814) dist=3343.7
2025-06-09 15:03:51 UTC | [DEBUG][DIST] TXT='REVISIONS
DATE
REV. ECO NUM' @ (63,20) dist=4520.4
2025-06-09 15:03:51 UTC | [DEBUG][DIST] TXT='1.000' @ (782,701) dist=3567.5
2025-06-09 15:03:51 UTC | [DEBUG][DIST] TXT='CONFIDENTIAL: This document contains confidential or proprietary information not intended
for public disclosure and shared only under a binding non-disclosure agreement. 
No portion of this document may be reproduced, redistributed, or otherwise disclosed' @ (976,799) dist=3350.2
2025-06-09 15:03:51 UTC | [DEBUG][DIST] TXT='M0166-05-0001-00' @ (1074,829) dist=3248.8
2025-06-09 15:03:51 UTC | [DEBUG][DIST] TXT='&PTC_WM_REVISION
&PTC_WM_MODIFIED_ON' @ (41,35) dist=4532.2
2025-06-09 15:03:51 UTC | [DEBUG][DIST] TXT='28' @ (373,559) dist=3998.0
2025-06-09 15:03:51 UTC | [DEBUG][DIST] TXT='72 0
-0.5' @ (500,100) dist=4103.1
2025-06-09 15:03:51 UTC | [DEBUG][DIST] TXT='72 0
-0.5' @ (713,301) dist=3817.0
2025-06-09 15:03:51 UTC | [DEBUG][DIST] TXT='0.25
A B
C' @ (293,338) dist=4166.9
2025-06-09 15:03:51 UTC | [DEBUG][DIST] TXT='44+0.4
 0' @ (354,306) dist=4127.7
2025-06-09 15:03:51 UTC | [DEBUG][DIST] TXT='0.25
A B
C' @ (286,206) dist=4235.1
2025-06-09 15:03:51 UTC | [DEBUG][DIST] TXT='4x 
8+0.25
 0' @ (326,174) dist=4215.6
2025-06-09 15:03:51 UTC | [DEBUG][DIST] TXT='48' @ (506,153) dist=4070.5
2025-06-09 15:03:51 UTC | [DEBUG][DIST] TXT='48' @ (661,301) dist=3861.8
2025-06-09 15:03:51 UTC | [DEBUG][DIST] TXT='4x R6' @ (360,424) dist=4068.3
2025-06-09 15:03:51 UTC | [DEBUG][DIST] TXT='FLANGE MODEL TARGET' @ (985,704) dist=3384.2
2025-06-09 15:03:51 UTC | [DEBUG][DIST] TXT='L.SILAN' @ (795,832) dist=3500.9
2025-06-09 15:03:51 UTC | [DEBUG][DIST] TXT='B' @ (393,101) dist=4194.2
2025-06-09 15:03:51 UTC | [DEBUG][DIST] TXT='C' @ (473,444) dist=3958.4
2025-06-09 15:03:51 UTC | [DEBUG][DIST] TXT='A' @ (645,553) dist=3755.7
2025-06-09 15:03:51 UTC | [DEBUG][DIST] TXT='REVISION' @ (330,86) dist=4256.1
2025-06-09 15:03:51 UTC | [DEBUG][DIST] TXT='S)' @ (455,86) dist=4148.8
2025-06-09 15:03:51 UTC | [DEBUG][DIST] TXT='DATE' @ (148,149) dist=4383.5
2025-06-09 15:03:51 UTC | [DEBUG][DIST] TXT='|' @ (239,151) dist=4302.8
2025-06-09 15:03:51 UTC | [DEBUG][DIST] TXT='REV.|}ECO' @ (393,147) dist=4170.9
2025-06-09 15:03:51 UTC | [DEBUG][DIST] TXT='NUM' @ (574,148) dist=4014.9
2025-06-09 15:03:51 UTC | [DEBUG][DIST] TXT='RE' @ (329,201) dist=4199.8
2025-06-09 15:03:51 UTC | [DEBUG][DIST] TXT='DESIGNATION' @ (5431,3810) dist=2122.8
2025-06-09 15:03:51 UTC | [DEBUG][DIST] TXT='SIZE' @ (6469,3805) dist=2922.5
2025-06-09 15:03:51 UTC | [DEBUG][DIST] TXT='FLANGE' @ (5144,3913) dist=2024.8
2025-06-09 15:03:51 UTC | [DEBUG][DIST] TXT='MODEL' @ (5476,3913) dist=2229.4
2025-06-09 15:03:51 UTC | [DEBUG][DIST] TXT='TARGET' @ (5809,3913) dist=2462.7
2025-06-09 15:03:51 UTC | [DEBUG][DIST] TXT='CONFIDENTIAL:' @ (5001,4421) dist=2397.4
2025-06-09 15:03:51 UTC | [DEBUG][DIST] TXT='This' @ (5129,4422) dist=2454.6
2025-06-09 15:03:51 UTC | [DEBUG][DIST] TXT='document' @ (5216,4422) dist=2495.8
2025-06-09 15:03:51 UTC | [DEBUG][DIST] TXT='contains' @ (5326,4422) dist=2551.3
2025-06-09 15:03:51 UTC | [DEBUG][DIST] TXT='confidential' @ (5444,4421) dist=2613.8
2025-06-09 15:03:51 UTC | [DEBUG][DIST] TXT='or' @ (5527,4424) dist=2663.0
2025-06-09 15:03:51 UTC | [DEBUG][DIST] TXT='proprietary' @ (5606,4424) dist=2709.1
2025-06-09 15:03:51 UTC | [DEBUG][DIST] TXT='information' @ (5736,4421) dist=2785.8
2025-06-09 15:03:51 UTC | [DEBUG][DIST] TXT='not' @ (5824,4422) dist=2842.3
2025-06-09 15:03:51 UTC | [DEBUG][DIST] TXT='intended' @ (5897,4422) dist=2889.7
2025-06-09 15:03:51 UTC | [DEBUG][DIST] TXT='for' @ (4991,4447) dist=2417.0
2025-06-09 15:03:51 UTC | [DEBUG][DIST] TXT='public' @ (5046,4450) dist=2442.8
2025-06-09 15:03:51 UTC | [DEBUG][DIST] TXT='disclosure' @ (5143,4448) dist=2484.1
2025-06-09 15:03:51 UTC | [DEBUG][DIST] TXT='and' @ (5227,4448) dist=2523.9
2025-06-09 15:03:51 UTC | [DEBUG][DIST] TXT='shared' @ (5294,4448) dist=2557.2
2025-06-09 15:03:51 UTC | [DEBUG][DIST] TXT='only' @ (5364,4450) dist=2595.0
2025-06-09 15:03:51 UTC | [DEBUG][DIST] TXT='und' @ (5429,4448) dist=2628.1
2025-06-09 15:03:51 UTC | [DEBUG][DIST] TXT='binding' @ (5528,4450) dist=2684.9
2025-06-09 15:03:51 UTC | [DEBUG][DIST] TXT='non-di' @ (5611,4448) dist=2731.4
2025-06-09 15:03:51 UTC | [DEBUG][DIST] TXT='e' @ (5734,4450) dist=2807.3
2025-06-09 15:03:51 UTC | [DEBUG][DIST] TXT='agreement.' @ (5811,4448) dist=2854.0
2025-06-09 15:03:51 UTC | [DEBUG][DIST] TXT='1' @ (6409,4462) dist=3276.0
2025-06-09 15:03:51 UTC | [DEBUG][DIST] TXT='ortion' @ (5034,4474) dist=2459.4
2025-06-09 15:03:51 UTC | [DEBUG][DIST] TXT='of' @ (5084,4473) dist=2479.9
2025-06-09 15:03:51 UTC | [DEBUG][DIST] TXT='this' @ (5121,4474) dist=2497.2
2025-06-09 15:03:51 UTC | [DEBUG][DIST] TXT='document' @ (5204,4474) dist=2535.6
2025-06-09 15:03:51 UTC | [DEBUG][DIST] TXT='may' @ (5284,4476) dist=2576.3
2025-06-09 15:03:51 UTC | [DEBUG][DIST] TXT='be' @ (5335,4474) dist=2600.4
2025-06-09 15:03:51 UTC | [DEBUG][DIST] TXT='i' @ (5572,4466) dist=2723.2
2025-06-09 15:03:51 UTC | [DEBUG][DIST] TXT='ed' @ (5888,4474) dist=2923.3
2025-06-09 15:03:51 UTC | [DEBUG][DIST] TXT='NUMBER' @ (5913,4529) dist=2981.5
2025-06-09 15:03:51 UTC | [DEBUG][DIST] TXT='|' @ (6375,4529) dist=3297.1
2025-06-09 15:03:51 UTC | [DEBUG][DIST] TXT='SHEET' @ (6474,4529) dist=3369.2
2025-06-09 15:03:51 UTC | [DEBUG][DIST] TXT='—' @ (5333,4504) dist=2625.2
2025-06-09 15:03:51 UTC | [DEBUG][DIST] TXT='-' @ (5386,4478) dist=2630.4
2025-06-09 15:03:51 UTC | [DEBUG][DIST] TXT='——' @ (5780,4476) dist=2856.3
2025-06-09 15:03:51 UTC | [DEBUG][DIST] TXT='ean' @ (4391,4586) dist=2375.6
2025-06-09 15:03:51 UTC | [DEBUG][DIST] TXT='{>' @ (4644,4586) dist=2430.2
2025-06-09 15:03:51 UTC | [DEBUG][DIST] TXT='TTT' @ (5209,4586) dist=2637.0
2025-06-09 15:03:51 UTC | [DEBUG][DIST] TXT='M0t66-08-0007-00' @ (5986,4586) dist=3072.1
2025-06-09 15:03:51 UTC | [DEBUG][DIST] TXT='No' @ (4963,4474) dist=2430.4
2025-06-09 15:03:51 UTC | [DEBUG][DIST] TXT='pi' @ (4993,4476) dist=2444.2
2025-06-09 15:03:51 UTC | [DEBUG][DIST] TXT='reproduced,' @ (5423,4476) dist=2648.4
2025-06-09 15:03:51 UTC | [DEBUG][DIST] TXT='redistributed,' @ (5571,4475) dist=2730.0
2025-06-09 15:03:51 UTC | [DEBUG][DIST] TXT='or' @ (5665,4476) dist=2786.0
2025-06-09 15:03:51 UTC | [DEBUG][DIST] TXT='otherwise' @ (5724,4466) dist=2813.8
2025-06-09 15:03:51 UTC | [DEBUG][DIST] TXT='disclos' @ (5836,4474) dist=2890.0
2025-06-09 15:03:51 UTC | [NO_MATCH] Aucun texte trouvé pour la cote pos=(253.9841459667, 154.5596024525) - Textes candidats: ['SCALE\nDESIGNATION\nSIZE\nA3', 'MEC DESIGNER\nREQUESTER\nDESIGN OFFICE MNG\nCMD\nNUMBER\nSHEET', 'REVISIONS\nDATE\nREV. ECO NUM', '1.000', 'CONFIDENTIAL: This document contains confidential or proprietary information not intended\nfor public disclosure and shared only under a binding non-disclosure agreement. \nNo portion of this document may be reproduced, redistributed, or otherwise disclosed', 'M0166-05-0001-00', '&PTC_WM_REVISION\n&PTC_WM_MODIFIED_ON', '28', '72 0\n-0.5', '72 0\n-0.5', '0.25\nA B\nC', '44+0.4\n 0', '0.25\nA B\nC', '4x \n8+0.25\n 0', '48', '48', '4x R6', 'FLANGE MODEL TARGET', 'L.SILAN', 'B', 'C', 'A', 'REVISION', 'S)', 'DATE', '|', 'REV.|}ECO', 'NUM', 'RE', 'DESIGNATION', 'SIZE', 'FLANGE', 'MODEL', 'TARGET', 'CONFIDENTIAL:', 'This', 'document', 'contains', 'confidential', 'or', 'proprietary', 'information', 'not', 'intended', 'for', 'public', 'disclosure', 'and', 'shared', 'only', 'und', 'binding', 'non-di', 'e', 'agreement.', '1', 'ortion', 'of', 'this', 'document', 'may', 'be', 'i', 'ed', 'NUMBER', '|', 'SHEET', '—', '-', '——', 'ean', '{>', 'TTT', 'M0t66-08-0007-00', 'No', 'pi', 'reproduced,', 'redistributed,', 'or', 'otherwise', 'disclos']
2025-06-09 15:03:51 UTC | [DEBUG][DXF→PDF] DIM AF9 DXF=(157.75,184.45) → PDF px,py=(2484,1772)
2025-06-09 15:03:51 UTC | [DEBUG][DIST] TXT='SCALE
DESIGNATION
SIZE
A3' @ (979,697) dist=1849.5
2025-06-09 15:03:51 UTC | [DEBUG][DIST] TXT='MEC DESIGNER
REQUESTER
DESIGN OFFICE MNG
CMD
NUMBER
SHEET' @ (976,814) dist=1786.6
2025-06-09 15:03:51 UTC | [DEBUG][DIST] TXT='REVISIONS
DATE
REV. ECO NUM' @ (63,20) dist=2988.4
2025-06-09 15:03:51 UTC | [DEBUG][DIST] TXT='1.000' @ (782,701) dist=2010.9
2025-06-09 15:03:51 UTC | [DEBUG][DIST] TXT='CONFIDENTIAL: This document contains confidential or proprietary information not intended
for public disclosure and shared only under a binding non-disclosure agreement. 
No portion of this document may be reproduced, redistributed, or otherwise disclosed' @ (976,799) dist=1794.7
2025-06-09 15:03:51 UTC | [DEBUG][DIST] TXT='M0166-05-0001-00' @ (1074,829) dist=1696.3
2025-06-09 15:03:51 UTC | [DEBUG][DIST] TXT='&PTC_WM_REVISION
&PTC_WM_MODIFIED_ON' @ (41,35) dist=2997.6
2025-06-09 15:03:51 UTC | [DEBUG][DIST] TXT='28' @ (373,559) dist=2434.7
2025-06-09 15:03:51 UTC | [DEBUG][DIST] TXT='72 0
-0.5' @ (500,100) dist=2594.6
2025-06-09 15:03:51 UTC | [DEBUG][DIST] TXT='72 0
-0.5' @ (713,301) dist=2302.2
2025-06-09 15:03:51 UTC | [DEBUG][DIST] TXT='0.25
A B
C' @ (293,338) dist=2618.6
2025-06-09 15:03:51 UTC | [DEBUG][DIST] TXT='44+0.4
 0' @ (354,306) dist=2585.7
2025-06-09 15:03:51 UTC | [DEBUG][DIST] TXT='0.25
A B
C' @ (286,206) dist=2698.8
2025-06-09 15:03:51 UTC | [DEBUG][DIST] TXT='4x 
8+0.25
 0' @ (326,174) dist=2685.3
2025-06-09 15:03:51 UTC | [DEBUG][DIST] TXT='48' @ (506,153) dist=2556.1
2025-06-09 15:03:51 UTC | [DEBUG][DIST] TXT='48' @ (661,301) dist=2342.5
2025-06-09 15:03:51 UTC | [DEBUG][DIST] TXT='4x R6' @ (360,424) dist=2515.6
2025-06-09 15:03:51 UTC | [DEBUG][DIST] TXT='FLANGE MODEL TARGET' @ (985,704) dist=1840.6
2025-06-09 15:03:51 UTC | [DEBUG][DIST] TXT='L.SILAN' @ (795,832) dist=1933.0
2025-06-09 15:03:51 UTC | [DEBUG][DIST] TXT='B' @ (393,101) dist=2676.7
2025-06-09 15:03:51 UTC | [DEBUG][DIST] TXT='C' @ (473,444) dist=2409.9
2025-06-09 15:03:51 UTC | [DEBUG][DIST] TXT='A' @ (645,553) dist=2206.3
2025-06-09 15:03:51 UTC | [DEBUG][DIST] TXT='REVISION' @ (330,86) dist=2735.4
2025-06-09 15:03:51 UTC | [DEBUG][DIST] TXT='S)' @ (455,86) dist=2638.1
2025-06-09 15:03:51 UTC | [DEBUG][DIST] TXT='DATE' @ (148,149) dist=2844.5
2025-06-09 15:03:51 UTC | [DEBUG][DIST] TXT='|' @ (239,151) dist=2769.1
2025-06-09 15:03:51 UTC | [DEBUG][DIST] TXT='REV.|}ECO' @ (393,147) dist=2648.2
2025-06-09 15:03:51 UTC | [DEBUG][DIST] TXT='NUM' @ (574,148) dist=2507.1
2025-06-09 15:03:51 UTC | [DEBUG][DIST] TXT='RE' @ (329,201) dist=2666.8
2025-06-09 15:03:51 UTC | [DEBUG][DIST] TXT='DESIGNATION' @ (5431,3810) dist=3583.1
2025-06-09 15:03:51 UTC | [DEBUG][DIST] TXT='SIZE' @ (6469,3805) dist=4473.6
2025-06-09 15:03:51 UTC | [DEBUG][DIST] TXT='FLANGE' @ (5144,3913) dist=3414.6
2025-06-09 15:03:51 UTC | [DEBUG][DIST] TXT='MODEL' @ (5476,3913) dist=3679.1
2025-06-09 15:03:51 UTC | [DEBUG][DIST] TXT='TARGET' @ (5809,3913) dist=3954.7
2025-06-09 15:03:51 UTC | [DEBUG][DIST] TXT='CONFIDENTIAL:' @ (5001,4421) dist=3654.1
2025-06-09 15:03:51 UTC | [DEBUG][DIST] TXT='This' @ (5129,4422) dist=3744.1
2025-06-09 15:03:51 UTC | [DEBUG][DIST] TXT='document' @ (5216,4422) dist=3806.1
2025-06-09 15:03:51 UTC | [DEBUG][DIST] TXT='contains' @ (5326,4422) dist=3885.8
2025-06-09 15:03:51 UTC | [DEBUG][DIST] TXT='confidential' @ (5444,4421) dist=3972.3
2025-06-09 15:03:51 UTC | [DEBUG][DIST] TXT='or' @ (5527,4424) dist=4036.5
2025-06-09 15:03:51 UTC | [DEBUG][DIST] TXT='proprietary' @ (5606,4424) dist=4096.3
2025-06-09 15:03:51 UTC | [DEBUG][DIST] TXT='information' @ (5736,4421) dist=4194.4
2025-06-09 15:03:51 UTC | [DEBUG][DIST] TXT='not' @ (5824,4422) dist=4263.6
2025-06-09 15:03:51 UTC | [DEBUG][DIST] TXT='intended' @ (5897,4422) dist=4321.0
2025-06-09 15:03:51 UTC | [DEBUG][DIST] TXT='for' @ (4991,4447) dist=3666.2
2025-06-09 15:03:51 UTC | [DEBUG][DIST] TXT='public' @ (5046,4450) dist=3706.1
2025-06-09 15:03:51 UTC | [DEBUG][DIST] TXT='disclosure' @ (5143,4448) dist=3772.4
2025-06-09 15:03:51 UTC | [DEBUG][DIST] TXT='and' @ (5227,4448) dist=3832.1
2025-06-09 15:03:51 UTC | [DEBUG][DIST] TXT='shared' @ (5294,4448) dist=3880.3
2025-06-09 15:03:51 UTC | [DEBUG][DIST] TXT='only' @ (5364,4450) dist=3932.7
2025-06-09 15:03:51 UTC | [DEBUG][DIST] TXT='und' @ (5429,4448) dist=3979.2
2025-06-09 15:03:51 UTC | [DEBUG][DIST] TXT='binding' @ (5528,4450) dist=4054.3
2025-06-09 15:03:51 UTC | [DEBUG][DIST] TXT='non-di' @ (5611,4448) dist=4115.7
2025-06-09 15:03:51 UTC | [DEBUG][DIST] TXT='e' @ (5734,4450) dist=4211.2
2025-06-09 15:03:51 UTC | [DEBUG][DIST] TXT='agreement.' @ (5811,4448) dist=4269.6
2025-06-09 15:03:51 UTC | [DEBUG][DIST] TXT='1' @ (6409,4462) dist=4758.3
2025-06-09 15:03:51 UTC | [DEBUG][DIST] TXT='ortion' @ (5034,4474) dist=3715.3
2025-06-09 15:03:51 UTC | [DEBUG][DIST] TXT='of' @ (5084,4473) dist=3749.1
2025-06-09 15:03:51 UTC | [DEBUG][DIST] TXT='this' @ (5121,4474) dist=3775.5
2025-06-09 15:03:51 UTC | [DEBUG][DIST] TXT='document' @ (5204,4474) dist=3834.0
2025-06-09 15:03:51 UTC | [DEBUG][DIST] TXT='may' @ (5284,4476) dist=3892.5
2025-06-09 15:03:51 UTC | [DEBUG][DIST] TXT='be' @ (5335,4474) dist=3928.0
2025-06-09 15:03:51 UTC | [DEBUG][DIST] TXT='i' @ (5572,4466) dist=4098.0
2025-06-09 15:03:51 UTC | [DEBUG][DIST] TXT='ed' @ (5888,4474) dist=4346.0
2025-06-09 15:03:51 UTC | [DEBUG][DIST] TXT='NUMBER' @ (5913,4529) dist=4399.9
2025-06-09 15:03:51 UTC | [DEBUG][DIST] TXT='|' @ (6375,4529) dist=4768.7
2025-06-09 15:03:51 UTC | [DEBUG][DIST] TXT='SHEET' @ (6474,4529) dist=4849.9
2025-06-09 15:03:51 UTC | [DEBUG][DIST] TXT='—' @ (5333,4504) dist=3947.2
2025-06-09 15:03:51 UTC | [DEBUG][DIST] TXT='-' @ (5386,4478) dist=3967.9
2025-06-09 15:03:51 UTC | [DEBUG][DIST] TXT='——' @ (5780,4476) dist=4263.2
2025-06-09 15:03:51 UTC | [DEBUG][DIST] TXT='ean' @ (4391,4586) dist=3399.3
2025-06-09 15:03:51 UTC | [DEBUG][DIST] TXT='{>' @ (4644,4586) dist=3547.4
2025-06-09 15:03:51 UTC | [DEBUG][DIST] TXT='TTT' @ (5209,4586) dist=3917.2
2025-06-09 15:03:51 UTC | [DEBUG][DIST] TXT='M0t66-08-0007-00' @ (5986,4586) dist=4492.5
2025-06-09 15:03:51 UTC | [DEBUG][DIST] TXT='No' @ (4963,4474) dist=3666.9
2025-06-09 15:03:51 UTC | [DEBUG][DIST] TXT='pi' @ (4993,4476) dist=3688.7
2025-06-09 15:03:51 UTC | [DEBUG][DIST] TXT='reproduced,' @ (5423,4476) dist=3993.7
2025-06-09 15:03:51 UTC | [DEBUG][DIST] TXT='redistributed,' @ (5571,4475) dist=4103.1
2025-06-09 15:03:51 UTC | [DEBUG][DIST] TXT='or' @ (5665,4476) dist=4175.0
2025-06-09 15:03:51 UTC | [DEBUG][DIST] TXT='otherwise' @ (5724,4466) dist=4213.7
2025-06-09 15:03:51 UTC | [DEBUG][DIST] TXT='disclos' @ (5836,4474) dist=4305.4
2025-06-09 15:03:51 UTC | [NO_MATCH] Aucun texte trouvé pour la cote pos=(157.7526338486, 184.4488140963) - Textes candidats: ['SCALE\nDESIGNATION\nSIZE\nA3', 'MEC DESIGNER\nREQUESTER\nDESIGN OFFICE MNG\nCMD\nNUMBER\nSHEET', 'REVISIONS\nDATE\nREV. ECO NUM', '1.000', 'CONFIDENTIAL: This document contains confidential or proprietary information not intended\nfor public disclosure and shared only under a binding non-disclosure agreement. \nNo portion of this document may be reproduced, redistributed, or otherwise disclosed', 'M0166-05-0001-00', '&PTC_WM_REVISION\n&PTC_WM_MODIFIED_ON', '28', '72 0\n-0.5', '72 0\n-0.5', '0.25\nA B\nC', '44+0.4\n 0', '0.25\nA B\nC', '4x \n8+0.25\n 0', '48', '48', '4x R6', 'FLANGE MODEL TARGET', 'L.SILAN', 'B', 'C', 'A', 'REVISION', 'S)', 'DATE', '|', 'REV.|}ECO', 'NUM', 'RE', 'DESIGNATION', 'SIZE', 'FLANGE', 'MODEL', 'TARGET', 'CONFIDENTIAL:', 'This', 'document', 'contains', 'confidential', 'or', 'proprietary', 'information', 'not', 'intended', 'for', 'public', 'disclosure', 'and', 'shared', 'only', 'und', 'binding', 'non-di', 'e', 'agreement.', '1', 'ortion', 'of', 'this', 'document', 'may', 'be', 'i', 'ed', 'NUMBER', '|', 'SHEET', '—', '-', '——', 'ean', '{>', 'TTT', 'M0t66-08-0007-00', 'No', 'pi', 'reproduced,', 'redistributed,', 'or', 'otherwise', 'disclos']
2025-06-09 15:03:51 UTC | [DEBUG][DXF→PDF] DIM B0A DXF=(151.21,216.14) → PDF px,py=(2381,1273)
2025-06-09 15:03:51 UTC | [DEBUG][DIST] TXT='SCALE
DESIGNATION
SIZE
A3' @ (979,697) dist=1515.7
2025-06-09 15:03:51 UTC | [DEBUG][DIST] TXT='MEC DESIGNER
REQUESTER
DESIGN OFFICE MNG
CMD
NUMBER
SHEET' @ (976,814) dist=1478.1
2025-06-09 15:03:51 UTC | [DEBUG][DIST] TXT='REVISIONS
DATE
REV. ECO NUM' @ (63,20) dist=2635.0
2025-06-09 15:03:51 UTC | [DEBUG][DIST] TXT='1.000' @ (782,701) dist=1698.2
2025-06-09 15:03:51 UTC | [DEBUG][DIST] TXT='CONFIDENTIAL: This document contains confidential or proprietary information not intended
for public disclosure and shared only under a binding non-disclosure agreement. 
No portion of this document may be reproduced, redistributed, or otherwise disclosed' @ (976,799) dist=1482.8
2025-06-09 15:03:51 UTC | [DEBUG][DIST] TXT='M0166-05-0001-00' @ (1074,829) dist=1380.4
2025-06-09 15:03:51 UTC | [DEBUG][DIST] TXT='&PTC_WM_REVISION
&PTC_WM_MODIFIED_ON' @ (41,35) dist=2647.3
2025-06-09 15:03:51 UTC | [DEBUG][DIST] TXT='28' @ (373,559) dist=2131.2
2025-06-09 15:03:51 UTC | [DEBUG][DIST] TXT='72 0
-0.5' @ (500,100) dist=2216.8
2025-06-09 15:03:51 UTC | [DEBUG][DIST] TXT='72 0
-0.5' @ (713,301) dist=1930.5
2025-06-09 15:03:51 UTC | [DEBUG][DIST] TXT='0.25
A B
C' @ (293,338) dist=2287.8
2025-06-09 15:03:51 UTC | [DEBUG][DIST] TXT='44+0.4
 0' @ (354,306) dist=2245.8
2025-06-09 15:03:51 UTC | [DEBUG][DIST] TXT='0.25
A B
C' @ (286,206) dist=2351.1
2025-06-09 15:03:51 UTC | [DEBUG][DIST] TXT='4x 
8+0.25
 0' @ (326,174) dist=2330.4
2025-06-09 15:03:51 UTC | [DEBUG][DIST] TXT='48' @ (506,153) dist=2184.0
2025-06-09 15:03:51 UTC | [DEBUG][DIST] TXT='48' @ (661,301) dist=1975.6
2025-06-09 15:03:51 UTC | [DEBUG][DIST] TXT='4x R6' @ (360,424) dist=2192.1
2025-06-09 15:03:51 UTC | [DEBUG][DIST] TXT='FLANGE MODEL TARGET' @ (985,704) dist=1507.5
2025-06-09 15:03:51 UTC | [DEBUG][DIST] TXT='L.SILAN' @ (795,832) dist=1646.2
2025-06-09 15:03:51 UTC | [DEBUG][DIST] TXT='B' @ (393,101) dist=2307.8
2025-06-09 15:03:51 UTC | [DEBUG][DIST] TXT='C' @ (473,444) dist=2080.3
2025-06-09 15:03:51 UTC | [DEBUG][DIST] TXT='A' @ (645,553) dist=1879.4
2025-06-09 15:03:51 UTC | [DEBUG][DIST] TXT='REVISION' @ (330,86) dist=2369.7
2025-06-09 15:03:51 UTC | [DEBUG][DIST] TXT='S)' @ (455,86) dist=2262.4
2025-06-09 15:03:51 UTC | [DEBUG][DIST] TXT='DATE' @ (148,149) dist=2499.9
2025-06-09 15:03:51 UTC | [DEBUG][DIST] TXT='|' @ (239,151) dist=2418.1
2025-06-09 15:03:51 UTC | [DEBUG][DIST] TXT='REV.|}ECO' @ (393,147) dist=2284.7
2025-06-09 15:03:51 UTC | [DEBUG][DIST] TXT='NUM' @ (574,148) dist=2128.6
2025-06-09 15:03:51 UTC | [DEBUG][DIST] TXT='RE' @ (329,201) dist=2315.1
2025-06-09 15:03:51 UTC | [DEBUG][DIST] TXT='DESIGNATION' @ (5431,3810) dist=3967.2
2025-06-09 15:03:51 UTC | [DEBUG][DIST] TXT='SIZE' @ (6469,3805) dist=4808.6
2025-06-09 15:03:51 UTC | [DEBUG][DIST] TXT='FLANGE' @ (5144,3913) dist=3821.5
2025-06-09 15:03:51 UTC | [DEBUG][DIST] TXT='MODEL' @ (5476,3913) dist=4068.0
2025-06-09 15:03:51 UTC | [DEBUG][DIST] TXT='TARGET' @ (5809,3913) dist=4326.8
2025-06-09 15:03:51 UTC | [DEBUG][DIST] TXT='CONFIDENTIAL:' @ (5001,4421) dist=4095.6
2025-06-09 15:03:51 UTC | [DEBUG][DIST] TXT='This' @ (5129,4422) dist=4179.4
2025-06-09 15:03:51 UTC | [DEBUG][DIST] TXT='document' @ (5216,4422) dist=4237.1
2025-06-09 15:03:51 UTC | [DEBUG][DIST] TXT='contains' @ (5326,4422) dist=4311.5
2025-06-09 15:03:51 UTC | [DEBUG][DIST] TXT='confidential' @ (5444,4421) dist=4392.3
2025-06-09 15:03:51 UTC | [DEBUG][DIST] TXT='or' @ (5527,4424) dist=4452.7
2025-06-09 15:03:51 UTC | [DEBUG][DIST] TXT='proprietary' @ (5606,4424) dist=4508.8
2025-06-09 15:03:51 UTC | [DEBUG][DIST] TXT='information' @ (5736,4421) dist=4600.6
2025-06-09 15:03:51 UTC | [DEBUG][DIST] TXT='not' @ (5824,4422) dist=4665.9
2025-06-09 15:03:51 UTC | [DEBUG][DIST] TXT='intended' @ (5897,4422) dist=4720.0
2025-06-09 15:03:51 UTC | [DEBUG][DIST] TXT='for' @ (4991,4447) dist=4109.3
2025-06-09 15:03:51 UTC | [DEBUG][DIST] TXT='public' @ (5046,4450) dist=4146.8
2025-06-09 15:03:51 UTC | [DEBUG][DIST] TXT='disclosure' @ (5143,4448) dist=4208.2
2025-06-09 15:03:51 UTC | [DEBUG][DIST] TXT='and' @ (5227,4448) dist=4263.8
2025-06-09 15:03:51 UTC | [DEBUG][DIST] TXT='shared' @ (5294,4448) dist=4308.9
2025-06-09 15:03:51 UTC | [DEBUG][DIST] TXT='only' @ (5364,4450) dist=4357.9
2025-06-09 15:03:51 UTC | [DEBUG][DIST] TXT='und' @ (5429,4448) dist=4401.2
2025-06-09 15:03:51 UTC | [DEBUG][DIST] TXT='binding' @ (5528,4450) dist=4471.8
2025-06-09 15:03:51 UTC | [DEBUG][DIST] TXT='non-di' @ (5611,4448) dist=4529.2
2025-06-09 15:03:51 UTC | [DEBUG][DIST] TXT='e' @ (5734,4450) dist=4619.1
2025-06-09 15:03:51 UTC | [DEBUG][DIST] TXT='agreement.' @ (5811,4448) dist=4673.9
2025-06-09 15:03:51 UTC | [DEBUG][DIST] TXT='1' @ (6409,4462) dist=5137.6
2025-06-09 15:03:51 UTC | [DEBUG][DIST] TXT='ortion' @ (5034,4474) dist=4157.5
2025-06-09 15:03:51 UTC | [DEBUG][DIST] TXT='of' @ (5084,4473) dist=4188.8
2025-06-09 15:03:51 UTC | [DEBUG][DIST] TXT='this' @ (5121,4474) dist=4213.5
2025-06-09 15:03:51 UTC | [DEBUG][DIST] TXT='document' @ (5204,4474) dist=4268.0
2025-06-09 15:03:51 UTC | [DEBUG][DIST] TXT='may' @ (5284,4476) dist=4322.8
2025-06-09 15:03:51 UTC | [DEBUG][DIST] TXT='be' @ (5335,4474) dist=4355.7
2025-06-09 15:03:51 UTC | [DEBUG][DIST] TXT='i' @ (5572,4466) dist=4514.2
2025-06-09 15:03:51 UTC | [DEBUG][DIST] TXT='ed' @ (5888,4474) dist=4748.2
2025-06-09 15:03:51 UTC | [DEBUG][DIST] TXT='NUMBER' @ (5913,4529) dist=4803.8
2025-06-09 15:03:51 UTC | [DEBUG][DIST] TXT='|' @ (6375,4529) dist=5153.0
2025-06-09 15:03:51 UTC | [DEBUG][DIST] TXT='SHEET' @ (6474,4529) dist=5230.1
2025-06-09 15:03:51 UTC | [DEBUG][DIST] TXT='—' @ (5333,4504) dist=4376.5
2025-06-09 15:03:51 UTC | [DEBUG][DIST] TXT='-' @ (5386,4478) dist=4393.4
2025-06-09 15:03:51 UTC | [DEBUG][DIST] TXT='——' @ (5780,4476) dist=4670.4
2025-06-09 15:03:51 UTC | [DEBUG][DIST] TXT='ean' @ (4391,4586) dist=3875.1
2025-06-09 15:03:51 UTC | [DEBUG][DIST] TXT='{>' @ (4644,4586) dist=4012.1
2025-06-09 15:03:51 UTC | [DEBUG][DIST] TXT='TTT' @ (5209,4586) dist=4355.9
2025-06-09 15:03:51 UTC | [DEBUG][DIST] TXT='M0t66-08-0007-00' @ (5986,4586) dist=4896.1
2025-06-09 15:03:51 UTC | [DEBUG][DIST] TXT='No' @ (4963,4474) dist=4112.6
2025-06-09 15:03:51 UTC | [DEBUG][DIST] TXT='pi' @ (4993,4476) dist=4133.0
2025-06-09 15:03:51 UTC | [DEBUG][DIST] TXT='reproduced,' @ (5423,4476) dist=4417.3
2025-06-09 15:03:51 UTC | [DEBUG][DIST] TXT='redistributed,' @ (5571,4475) dist=4519.8
2025-06-09 15:03:51 UTC | [DEBUG][DIST] TXT='or' @ (5665,4476) dist=4587.4
2025-06-09 15:03:51 UTC | [DEBUG][DIST] TXT='otherwise' @ (5724,4466) dist=4622.9
2025-06-09 15:03:51 UTC | [DEBUG][DIST] TXT='disclos' @ (5836,4474) dist=4709.9
2025-06-09 15:03:51 UTC | [NO_MATCH] Aucun texte trouvé pour la cote pos=(151.2107776952, 216.1362889902) - Textes candidats: ['SCALE\nDESIGNATION\nSIZE\nA3', 'MEC DESIGNER\nREQUESTER\nDESIGN OFFICE MNG\nCMD\nNUMBER\nSHEET', 'REVISIONS\nDATE\nREV. ECO NUM', '1.000', 'CONFIDENTIAL: This document contains confidential or proprietary information not intended\nfor public disclosure and shared only under a binding non-disclosure agreement. \nNo portion of this document may be reproduced, redistributed, or otherwise disclosed', 'M0166-05-0001-00', '&PTC_WM_REVISION\n&PTC_WM_MODIFIED_ON', '28', '72 0\n-0.5', '72 0\n-0.5', '0.25\nA B\nC', '44+0.4\n 0', '0.25\nA B\nC', '4x \n8+0.25\n 0', '48', '48', '4x R6', 'FLANGE MODEL TARGET', 'L.SILAN', 'B', 'C', 'A', 'REVISION', 'S)', 'DATE', '|', 'REV.|}ECO', 'NUM', 'RE', 'DESIGNATION', 'SIZE', 'FLANGE', 'MODEL', 'TARGET', 'CONFIDENTIAL:', 'This', 'document', 'contains', 'confidential', 'or', 'proprietary', 'information', 'not', 'intended', 'for', 'public', 'disclosure', 'and', 'shared', 'only', 'und', 'binding', 'non-di', 'e', 'agreement.', '1', 'ortion', 'of', 'this', 'document', 'may', 'be', 'i', 'ed', 'NUMBER', '|', 'SHEET', '—', '-', '——', 'ean', '{>', 'TTT', 'M0t66-08-0007-00', 'No', 'pi', 'reproduced,', 'redistributed,', 'or', 'otherwise', 'disclos']
2025-06-09 15:03:51 UTC | [DEBUG][DXF→PDF] DIM B0B DXF=(202.89,242.88) → PDF px,py=(3195,852)
2025-06-09 15:03:51 UTC | [DEBUG][DIST] TXT='SCALE
DESIGNATION
SIZE
A3' @ (979,697) dist=2221.4
2025-06-09 15:03:51 UTC | [DEBUG][DIST] TXT='MEC DESIGNER
REQUESTER
DESIGN OFFICE MNG
CMD
NUMBER
SHEET' @ (976,814) dist=2219.3
2025-06-09 15:03:51 UTC | [DEBUG][DIST] TXT='REVISIONS
DATE
REV. ECO NUM' @ (63,20) dist=3240.6
2025-06-09 15:03:51 UTC | [DEBUG][DIST] TXT='1.000' @ (782,701) dist=2417.7
2025-06-09 15:03:51 UTC | [DEBUG][DIST] TXT='CONFIDENTIAL: This document contains confidential or proprietary information not intended
for public disclosure and shared only under a binding non-disclosure agreement. 
No portion of this document may be reproduced, redistributed, or otherwise disclosed' @ (976,799) dist=2219.6
2025-06-09 15:03:51 UTC | [DEBUG][DIST] TXT='M0166-05-0001-00' @ (1074,829) dist=2121.1
2025-06-09 15:03:51 UTC | [DEBUG][DIST] TXT='&PTC_WM_REVISION
&PTC_WM_MODIFIED_ON' @ (41,35) dist=3258.1
2025-06-09 15:03:51 UTC | [DEBUG][DIST] TXT='28' @ (373,559) dist=2837.2
2025-06-09 15:03:51 UTC | [DEBUG][DIST] TXT='72 0
-0.5' @ (500,100) dist=2798.0
2025-06-09 15:03:51 UTC | [DEBUG][DIST] TXT='72 0
-0.5' @ (713,301) dist=2542.4
2025-06-09 15:03:51 UTC | [DEBUG][DIST] TXT='0.25
A B
C' @ (293,338) dist=2947.2
2025-06-09 15:03:51 UTC | [DEBUG][DIST] TXT='44+0.4
 0' @ (354,306) dist=2893.0
2025-06-09 15:03:51 UTC | [DEBUG][DIST] TXT='0.25
A B
C' @ (286,206) dist=2979.9
2025-06-09 15:03:51 UTC | [DEBUG][DIST] TXT='4x 
8+0.25
 0' @ (326,174) dist=2948.0
2025-06-09 15:03:51 UTC | [DEBUG][DIST] TXT='48' @ (506,153) dist=2778.4
2025-06-09 15:03:51 UTC | [DEBUG][DIST] TXT='48' @ (661,301) dist=2593.2
2025-06-09 15:03:51 UTC | [DEBUG][DIST] TXT='4x R6' @ (360,424) dist=2867.1
2025-06-09 15:03:51 UTC | [DEBUG][DIST] TXT='FLANGE MODEL TARGET' @ (985,704) dist=2215.0
2025-06-09 15:03:51 UTC | [DEBUG][DIST] TXT='L.SILAN' @ (795,832) dist=2400.1
2025-06-09 15:03:51 UTC | [DEBUG][DIST] TXT='B' @ (393,101) dist=2900.9
2025-06-09 15:03:51 UTC | [DEBUG][DIST] TXT='C' @ (473,444) dist=2752.4
2025-06-09 15:03:51 UTC | [DEBUG][DIST] TXT='A' @ (645,553) dist=2567.5
2025-06-09 15:03:51 UTC | [DEBUG][DIST] TXT='REVISION' @ (330,86) dist=2965.6
2025-06-09 15:03:51 UTC | [DEBUG][DIST] TXT='S)' @ (455,86) dist=2845.1
2025-06-09 15:03:51 UTC | [DEBUG][DIST] TXT='DATE' @ (148,149) dist=3127.0
2025-06-09 15:03:51 UTC | [DEBUG][DIST] TXT='|' @ (239,151) dist=3038.0
2025-06-09 15:03:51 UTC | [DEBUG][DIST] TXT='REV.|}ECO' @ (393,147) dist=2889.3
2025-06-09 15:03:51 UTC | [DEBUG][DIST] TXT='NUM' @ (574,148) dist=2713.9
2025-06-09 15:03:51 UTC | [DEBUG][DIST] TXT='RE' @ (329,201) dist=2939.0
2025-06-09 15:03:51 UTC | [DEBUG][DIST] TXT='DESIGNATION' @ (5431,3810) dist=3708.0
2025-06-09 15:03:51 UTC | [DEBUG][DIST] TXT='SIZE' @ (6469,3805) dist=4409.0
2025-06-09 15:03:51 UTC | [DEBUG][DIST] TXT='FLANGE' @ (5144,3913) dist=3628.8
2025-06-09 15:03:51 UTC | [DEBUG][DIST] TXT='MODEL' @ (5476,3913) dist=3817.4
2025-06-09 15:03:51 UTC | [DEBUG][DIST] TXT='TARGET' @ (5809,3913) dist=4025.3
2025-06-09 15:03:51 UTC | [DEBUG][DIST] TXT='CONFIDENTIAL:' @ (5001,4421) dist=3999.9
2025-06-09 15:03:51 UTC | [DEBUG][DIST] TXT='This' @ (5129,4422) dist=4060.2
2025-06-09 15:03:51 UTC | [DEBUG][DIST] TXT='document' @ (5216,4422) dist=4102.4
2025-06-09 15:03:51 UTC | [DEBUG][DIST] TXT='contains' @ (5326,4422) dist=4157.7
2025-06-09 15:03:51 UTC | [DEBUG][DIST] TXT='confidential' @ (5444,4421) dist=4218.5
2025-06-09 15:03:51 UTC | [DEBUG][DIST] TXT='or' @ (5527,4424) dist=4265.8
2025-06-09 15:03:51 UTC | [DEBUG][DIST] TXT='proprietary' @ (5606,4424) dist=4309.5
2025-06-09 15:03:51 UTC | [DEBUG][DIST] TXT='information' @ (5736,4421) dist=4381.1
2025-06-09 15:03:51 UTC | [DEBUG][DIST] TXT='not' @ (5824,4422) dist=4433.6
2025-06-09 15:03:51 UTC | [DEBUG][DIST] TXT='intended' @ (5897,4422) dist=4477.2
2025-06-09 15:03:51 UTC | [DEBUG][DIST] TXT='for' @ (4991,4447) dist=4018.7
2025-06-09 15:03:51 UTC | [DEBUG][DIST] TXT='public' @ (5046,4450) dist=4046.2
2025-06-09 15:03:51 UTC | [DEBUG][DIST] TXT='disclosure' @ (5143,4448) dist=4089.7
2025-06-09 15:03:51 UTC | [DEBUG][DIST] TXT='and' @ (5227,4448) dist=4130.4
2025-06-09 15:03:51 UTC | [DEBUG][DIST] TXT='shared' @ (5294,4448) dist=4163.8
2025-06-09 15:03:51 UTC | [DEBUG][DIST] TXT='only' @ (5364,4450) dist=4201.2
2025-06-09 15:03:51 UTC | [DEBUG][DIST] TXT='und' @ (5429,4448) dist=4233.4
2025-06-09 15:03:51 UTC | [DEBUG][DIST] TXT='binding' @ (5528,4450) dist=4288.2
2025-06-09 15:03:51 UTC | [DEBUG][DIST] TXT='non-di' @ (5611,4448) dist=4332.2
2025-06-09 15:03:51 UTC | [DEBUG][DIST] TXT='e' @ (5734,4450) dist=4403.6
2025-06-09 15:03:51 UTC | [DEBUG][DIST] TXT='agreement.' @ (5811,4448) dist=4446.9
2025-06-09 15:03:51 UTC | [DEBUG][DIST] TXT='1' @ (6409,4462) dist=4833.4
2025-06-09 15:03:51 UTC | [DEBUG][DIST] TXT='ortion' @ (5034,4474) dist=4062.1
2025-06-09 15:03:51 UTC | [DEBUG][DIST] TXT='of' @ (5084,4473) dist=4084.1
2025-06-09 15:03:51 UTC | [DEBUG][DIST] TXT='this' @ (5121,4474) dist=4102.2
2025-06-09 15:03:51 UTC | [DEBUG][DIST] TXT='document' @ (5204,4474) dist=4141.9
2025-06-09 15:03:51 UTC | [DEBUG][DIST] TXT='may' @ (5284,4476) dist=4183.0
2025-06-09 15:03:51 UTC | [DEBUG][DIST] TXT='be' @ (5335,4474) dist=4207.0
2025-06-09 15:03:51 UTC | [DEBUG][DIST] TXT='i' @ (5572,4466) dist=4325.6
2025-06-09 15:03:51 UTC | [DEBUG][DIST] TXT='ed' @ (5888,4474) dist=4513.4
2025-06-09 15:03:51 UTC | [DEBUG][DIST] TXT='NUMBER' @ (5913,4529) dist=4572.5
2025-06-09 15:03:51 UTC | [DEBUG][DIST] TXT='|' @ (6375,4529) dist=4861.4
2025-06-09 15:03:51 UTC | [DEBUG][DIST] TXT='SHEET' @ (6474,4529) dist=4926.7
2025-06-09 15:03:51 UTC | [DEBUG][DIST] TXT='—' @ (5333,4504) dist=4231.8
2025-06-09 15:03:51 UTC | [DEBUG][DIST] TXT='-' @ (5386,4478) dist=4236.6
2025-06-09 15:03:51 UTC | [DEBUG][DIST] TXT='——' @ (5780,4476) dist=4451.5
2025-06-09 15:03:51 UTC | [DEBUG][DIST] TXT='ean' @ (4391,4586) dist=3920.9
2025-06-09 15:03:51 UTC | [DEBUG][DIST] TXT='{>' @ (4644,4586) dist=4005.3
2025-06-09 15:03:51 UTC | [DEBUG][DIST] TXT='TTT' @ (5209,4586) dist=4242.5
2025-06-09 15:03:51 UTC | [DEBUG][DIST] TXT='M0t66-08-0007-00' @ (5986,4586) dist=4661.8
2025-06-09 15:03:51 UTC | [DEBUG][DIST] TXT='No' @ (4963,4474) dist=4030.5
2025-06-09 15:03:51 UTC | [DEBUG][DIST] TXT='pi' @ (4993,4476) dist=4045.5
2025-06-09 15:03:51 UTC | [DEBUG][DIST] TXT='reproduced,' @ (5423,4476) dist=4254.1
2025-06-09 15:03:51 UTC | [DEBUG][DIST] TXT='redistributed,' @ (5571,4475) dist=4332.6
2025-06-09 15:03:51 UTC | [DEBUG][DIST] TXT='or' @ (5665,4476) dist=4385.7
2025-06-09 15:03:51 UTC | [DEBUG][DIST] TXT='otherwise' @ (5724,4466) dist=4411.0
2025-06-09 15:03:51 UTC | [DEBUG][DIST] TXT='disclos' @ (5836,4474) dist=4482.6
2025-06-09 15:03:51 UTC | [NO_MATCH] Aucun texte trouvé pour la cote pos=(202.8869250755, 242.8839597094) - Textes candidats: ['SCALE\nDESIGNATION\nSIZE\nA3', 'MEC DESIGNER\nREQUESTER\nDESIGN OFFICE MNG\nCMD\nNUMBER\nSHEET', 'REVISIONS\nDATE\nREV. ECO NUM', '1.000', 'CONFIDENTIAL: This document contains confidential or proprietary information not intended\nfor public disclosure and shared only under a binding non-disclosure agreement. \nNo portion of this document may be reproduced, redistributed, or otherwise disclosed', 'M0166-05-0001-00', '&PTC_WM_REVISION\n&PTC_WM_MODIFIED_ON', '28', '72 0\n-0.5', '72 0\n-0.5', '0.25\nA B\nC', '44+0.4\n 0', '0.25\nA B\nC', '4x \n8+0.25\n 0', '48', '48', '4x R6', 'FLANGE MODEL TARGET', 'L.SILAN', 'B', 'C', 'A', 'REVISION', 'S)', 'DATE', '|', 'REV.|}ECO', 'NUM', 'RE', 'DESIGNATION', 'SIZE', 'FLANGE', 'MODEL', 'TARGET', 'CONFIDENTIAL:', 'This', 'document', 'contains', 'confidential', 'or', 'proprietary', 'information', 'not', 'intended', 'for', 'public', 'disclosure', 'and', 'shared', 'only', 'und', 'binding', 'non-di', 'e', 'agreement.', '1', 'ortion', 'of', 'this', 'document', 'may', 'be', 'i', 'ed', 'NUMBER', '|', 'SHEET', '—', '-', '——', 'ean', '{>', 'TTT', 'M0t66-08-0007-00', 'No', 'pi', 'reproduced,', 'redistributed,', 'or', 'otherwise', 'disclos']
2025-06-09 15:03:51 UTC | [DEBUG][DXF→PDF] DIM B0C DXF=(233.71,214.56) → PDF px,py=(3680,1298)
2025-06-09 15:03:51 UTC | [DEBUG][DIST] TXT='SCALE
DESIGNATION
SIZE
A3' @ (979,697) dist=2767.1
2025-06-09 15:03:51 UTC | [DEBUG][DIST] TXT='MEC DESIGNER
REQUESTER
DESIGN OFFICE MNG
CMD
NUMBER
SHEET' @ (976,814) dist=2747.0
2025-06-09 15:03:51 UTC | [DEBUG][DIST] TXT='REVISIONS
DATE
REV. ECO NUM' @ (63,20) dist=3836.1
2025-06-09 15:03:51 UTC | [DEBUG][DIST] TXT='1.000' @ (782,701) dist=2958.9
2025-06-09 15:03:51 UTC | [DEBUG][DIST] TXT='CONFIDENTIAL: This document contains confidential or proprietary information not intended
for public disclosure and shared only under a binding non-disclosure agreement. 
No portion of this document may be reproduced, redistributed, or otherwise disclosed' @ (976,799) dist=2749.7
2025-06-09 15:03:51 UTC | [DEBUG][DIST] TXT='M0166-05-0001-00' @ (1074,829) dist=2647.9
2025-06-09 15:03:51 UTC | [DEBUG][DIST] TXT='&PTC_WM_REVISION
&PTC_WM_MODIFIED_ON' @ (41,35) dist=3851.9
2025-06-09 15:03:51 UTC | [DEBUG][DIST] TXT='28' @ (373,559) dist=3388.6
2025-06-09 15:03:51 UTC | [DEBUG][DIST] TXT='72 0
-0.5' @ (500,100) dist=3398.2
2025-06-09 15:03:51 UTC | [DEBUG][DIST] TXT='72 0
-0.5' @ (713,301) dist=3130.0
2025-06-09 15:03:51 UTC | [DEBUG][DIST] TXT='0.25
A B
C' @ (293,338) dist=3520.4
2025-06-09 15:03:51 UTC | [DEBUG][DIST] TXT='44+0.4
 0' @ (354,306) dist=3470.8
2025-06-09 15:03:51 UTC | [DEBUG][DIST] TXT='0.25
A B
C' @ (286,206) dist=3565.3
2025-06-09 15:03:51 UTC | [DEBUG][DIST] TXT='4x 
8+0.25
 0' @ (326,174) dist=3537.3
2025-06-09 15:03:51 UTC | [DEBUG][DIST] TXT='48' @ (506,153) dist=3374.2
2025-06-09 15:03:51 UTC | [DEBUG][DIST] TXT='48' @ (661,301) dist=3179.4
2025-06-09 15:03:51 UTC | [DEBUG][DIST] TXT='4x R6' @ (360,424) dist=3433.1
2025-06-09 15:03:51 UTC | [DEBUG][DIST] TXT='FLANGE MODEL TARGET' @ (985,704) dist=2759.7
2025-06-09 15:03:51 UTC | [DEBUG][DIST] TXT='L.SILAN' @ (795,832) dist=2922.4
2025-06-09 15:03:51 UTC | [DEBUG][DIST] TXT='B' @ (393,101) dist=3498.2
2025-06-09 15:03:51 UTC | [DEBUG][DIST] TXT='C' @ (473,444) dist=3318.8
2025-06-09 15:03:51 UTC | [DEBUG][DIST] TXT='A' @ (645,553) dist=3125.1
2025-06-09 15:03:51 UTC | [DEBUG][DIST] TXT='REVISION' @ (330,86) dist=3562.5
2025-06-09 15:03:51 UTC | [DEBUG][DIST] TXT='S)' @ (455,86) dist=3445.2
2025-06-09 15:03:51 UTC | [DEBUG][DIST] TXT='DATE' @ (148,149) dist=3714.2
2025-06-09 15:03:51 UTC | [DEBUG][DIST] TXT='|' @ (239,151) dist=3627.1
2025-06-09 15:03:51 UTC | [DEBUG][DIST] TXT='REV.|}ECO' @ (393,147) dist=3482.7
2025-06-09 15:03:51 UTC | [DEBUG][DIST] TXT='NUM' @ (574,148) dist=3312.1
2025-06-09 15:03:51 UTC | [DEBUG][DIST] TXT='RE' @ (329,201) dist=3526.0
2025-06-09 15:03:51 UTC | [DEBUG][DIST] TXT='DESIGNATION' @ (5431,3810) dist=3062.0
2025-06-09 15:03:51 UTC | [DEBUG][DIST] TXT='SIZE' @ (6469,3805) dist=3750.1
2025-06-09 15:03:51 UTC | [DEBUG][DIST] TXT='FLANGE' @ (5144,3913) dist=2996.9
2025-06-09 15:03:51 UTC | [DEBUG][DIST] TXT='MODEL' @ (5476,3913) dist=3172.4
2025-06-09 15:03:51 UTC | [DEBUG][DIST] TXT='TARGET' @ (5809,3913) dist=3372.1
2025-06-09 15:03:51 UTC | [DEBUG][DIST] TXT='CONFIDENTIAL:' @ (5001,4421) dist=3390.9
2025-06-09 15:03:51 UTC | [DEBUG][DIST] TXT='This' @ (5129,4422) dist=3443.7
2025-06-09 15:03:51 UTC | [DEBUG][DIST] TXT='document' @ (5216,4422) dist=3481.2
2025-06-09 15:03:51 UTC | [DEBUG][DIST] TXT='contains' @ (5326,4422) dist=3531.1
2025-06-09 15:03:51 UTC | [DEBUG][DIST] TXT='confidential' @ (5444,4421) dist=3586.8
2025-06-09 15:03:51 UTC | [DEBUG][DIST] TXT='or' @ (5527,4424) dist=3630.9
2025-06-09 15:03:51 UTC | [DEBUG][DIST] TXT='proprietary' @ (5606,4424) dist=3671.7
2025-06-09 15:03:51 UTC | [DEBUG][DIST] TXT='information' @ (5736,4421) dist=3739.0
2025-06-09 15:03:51 UTC | [DEBUG][DIST] TXT='not' @ (5824,4422) dist=3788.9
2025-06-09 15:03:51 UTC | [DEBUG][DIST] TXT='intended' @ (5897,4422) dist=3830.7
2025-06-09 15:03:51 UTC | [DEBUG][DIST] TXT='for' @ (4991,4447) dist=3411.0
2025-06-09 15:03:51 UTC | [DEBUG][DIST] TXT='public' @ (5046,4450) dist=3435.3
2025-06-09 15:03:51 UTC | [DEBUG][DIST] TXT='disclosure' @ (5143,4448) dist=3473.2
2025-06-09 15:03:51 UTC | [DEBUG][DIST] TXT='and' @ (5227,4448) dist=3509.4
2025-06-09 15:03:51 UTC | [DEBUG][DIST] TXT='shared' @ (5294,4448) dist=3539.4
2025-06-09 15:03:51 UTC | [DEBUG][DIST] TXT='only' @ (5364,4450) dist=3573.6
2025-06-09 15:03:51 UTC | [DEBUG][DIST] TXT='und' @ (5429,4448) dist=3603.0
2025-06-09 15:03:51 UTC | [DEBUG][DIST] TXT='binding' @ (5528,4450) dist=3653.8
2025-06-09 15:03:51 UTC | [DEBUG][DIST] TXT='non-di' @ (5611,4448) dist=3694.8
2025-06-09 15:03:51 UTC | [DEBUG][DIST] TXT='e' @ (5734,4450) dist=3762.2
2025-06-09 15:03:51 UTC | [DEBUG][DIST] TXT='agreement.' @ (5811,4448) dist=3803.1
2025-06-09 15:03:51 UTC | [DEBUG][DIST] TXT='1' @ (6409,4462) dist=4178.3
2025-06-09 15:03:51 UTC | [DEBUG][DIST] TXT='ortion' @ (5034,4474) dist=3452.6
2025-06-09 15:03:51 UTC | [DEBUG][DIST] TXT='of' @ (5084,4473) dist=3471.6
2025-06-09 15:03:51 UTC | [DEBUG][DIST] TXT='this' @ (5121,4474) dist=3487.6
2025-06-09 15:03:51 UTC | [DEBUG][DIST] TXT='document' @ (5204,4474) dist=3522.7
2025-06-09 15:03:51 UTC | [DEBUG][DIST] TXT='may' @ (5284,4476) dist=3559.8
2025-06-09 15:03:51 UTC | [DEBUG][DIST] TXT='be' @ (5335,4474) dist=3581.3
2025-06-09 15:03:51 UTC | [DEBUG][DIST] TXT='i' @ (5572,4466) dist=3690.0
2025-06-09 15:03:51 UTC | [DEBUG][DIST] TXT='ed' @ (5888,4474) dist=3868.1
2025-06-09 15:03:51 UTC | [DEBUG][DIST] TXT='NUMBER' @ (5913,4529) dist=3927.6
2025-06-09 15:03:51 UTC | [DEBUG][DIST] TXT='|' @ (6375,4529) dist=4207.4
2025-06-09 15:03:51 UTC | [DEBUG][DIST] TXT='SHEET' @ (6474,4529) dist=4271.5
2025-06-09 15:03:51 UTC | [DEBUG][DIST] TXT='—' @ (5333,4504) dist=3607.1
2025-06-09 15:03:51 UTC | [DEBUG][DIST] TXT='-' @ (5386,4478) dist=3608.7
2025-06-09 15:03:51 UTC | [DEBUG][DIST] TXT='——' @ (5780,4476) dist=3809.2
2025-06-09 15:03:51 UTC | [DEBUG][DIST] TXT='ean' @ (4391,4586) dist=3364.0
2025-06-09 15:03:51 UTC | [DEBUG][DIST] TXT='{>' @ (4644,4586) dist=3426.4
2025-06-09 15:03:51 UTC | [DEBUG][DIST] TXT='TTT' @ (5209,4586) dist=3626.1
2025-06-09 15:03:51 UTC | [DEBUG][DIST] TXT='M0t66-08-0007-00' @ (5986,4586) dist=4016.0
2025-06-09 15:03:51 UTC | [DEBUG][DIST] TXT='No' @ (4963,4474) dist=3425.4
2025-06-09 15:03:51 UTC | [DEBUG][DIST] TXT='pi' @ (4993,4476) dist=3438.6
2025-06-09 15:03:51 UTC | [DEBUG][DIST] TXT='reproduced,' @ (5423,4476) dist=3624.6
2025-06-09 15:03:51 UTC | [DEBUG][DIST] TXT='redistributed,' @ (5571,4475) dist=3697.2
2025-06-09 15:03:51 UTC | [DEBUG][DIST] TXT='or' @ (5665,4476) dist=3747.0
2025-06-09 15:03:51 UTC | [DEBUG][DIST] TXT='otherwise' @ (5724,4466) dist=3770.2
2025-06-09 15:03:51 UTC | [DEBUG][DIST] TXT='disclos' @ (5836,4474) dist=3838.7
2025-06-09 15:03:51 UTC | [NO_MATCH] Aucun texte trouvé pour la cote pos=(233.7122630292, 214.5596024525) - Textes candidats: ['SCALE\nDESIGNATION\nSIZE\nA3', 'MEC DESIGNER\nREQUESTER\nDESIGN OFFICE MNG\nCMD\nNUMBER\nSHEET', 'REVISIONS\nDATE\nREV. ECO NUM', '1.000', 'CONFIDENTIAL: This document contains confidential or proprietary information not intended\nfor public disclosure and shared only under a binding non-disclosure agreement. \nNo portion of this document may be reproduced, redistributed, or otherwise disclosed', 'M0166-05-0001-00', '&PTC_WM_REVISION\n&PTC_WM_MODIFIED_ON', '28', '72 0\n-0.5', '72 0\n-0.5', '0.25\nA B\nC', '44+0.4\n 0', '0.25\nA B\nC', '4x \n8+0.25\n 0', '48', '48', '4x R6', 'FLANGE MODEL TARGET', 'L.SILAN', 'B', 'C', 'A', 'REVISION', 'S)', 'DATE', '|', 'REV.|}ECO', 'NUM', 'RE', 'DESIGNATION', 'SIZE', 'FLANGE', 'MODEL', 'TARGET', 'CONFIDENTIAL:', 'This', 'document', 'contains', 'confidential', 'or', 'proprietary', 'information', 'not', 'intended', 'for', 'public', 'disclosure', 'and', 'shared', 'only', 'und', 'binding', 'non-di', 'e', 'agreement.', '1', 'ortion', 'of', 'this', 'document', 'may', 'be', 'i', 'ed', 'NUMBER', '|', 'SHEET', '—', '-', '——', 'ean', '{>', 'TTT', 'M0t66-08-0007-00', 'No', 'pi', 'reproduced,', 'redistributed,', 'or', 'otherwise', 'disclos']
2025-06-09 15:03:51 UTC | [DEBUG][DXF→PDF] DIM B0D DXF=(148.89,160.56) → PDF px,py=(2344,2148)
2025-06-09 15:03:51 UTC | [DEBUG][DIST] TXT='SCALE
DESIGNATION
SIZE
A3' @ (979,697) dist=1992.1
2025-06-09 15:03:51 UTC | [DEBUG][DIST] TXT='MEC DESIGNER
REQUESTER
DESIGN OFFICE MNG
CMD
NUMBER
SHEET' @ (976,814) dist=1910.8
2025-06-09 15:03:51 UTC | [DEBUG][DIST] TXT='REVISIONS
DATE
REV. ECO NUM' @ (63,20) dist=3119.5
2025-06-09 15:03:51 UTC | [DEBUG][DIST] TXT='1.000' @ (782,701) dist=2129.2
2025-06-09 15:03:51 UTC | [DEBUG][DIST] TXT='CONFIDENTIAL: This document contains confidential or proprietary information not intended
for public disclosure and shared only under a binding non-disclosure agreement. 
No portion of this document may be reproduced, redistributed, or otherwise disclosed' @ (976,799) dist=1921.3
2025-06-09 15:03:51 UTC | [DEBUG][DIST] TXT='M0166-05-0001-00' @ (1074,829) dist=1831.0
2025-06-09 15:03:51 UTC | [DEBUG][DIST] TXT='&PTC_WM_REVISION
&PTC_WM_MODIFIED_ON' @ (41,35) dist=3125.5
2025-06-09 15:03:51 UTC | [DEBUG][DIST] TXT='28' @ (373,559) dist=2531.8
2025-06-09 15:03:51 UTC | [DEBUG][DIST] TXT='72 0
-0.5' @ (500,100) dist=2755.8
2025-06-09 15:03:51 UTC | [DEBUG][DIST] TXT='72 0
-0.5' @ (713,301) dist=2464.1
2025-06-09 15:03:51 UTC | [DEBUG][DIST] TXT='0.25
A B
C' @ (293,338) dist=2735.5
2025-06-09 15:03:51 UTC | [DEBUG][DIST] TXT='44+0.4
 0' @ (354,306) dist=2711.7
2025-06-09 15:03:51 UTC | [DEBUG][DIST] TXT='0.25
A B
C' @ (286,206) dist=2829.6
2025-06-09 15:03:51 UTC | [DEBUG][DIST] TXT='4x 
8+0.25
 0' @ (326,174) dist=2822.9
2025-06-09 15:03:51 UTC | [DEBUG][DIST] TXT='48' @ (506,153) dist=2712.6
2025-06-09 15:03:51 UTC | [DEBUG][DIST] TXT='48' @ (661,301) dist=2498.8
2025-06-09 15:03:51 UTC | [DEBUG][DIST] TXT='4x R6' @ (360,424) dist=2628.4
2025-06-09 15:03:51 UTC | [DEBUG][DIST] TXT='FLANGE MODEL TARGET' @ (985,704) dist=1982.9
2025-06-09 15:03:51 UTC | [DEBUG][DIST] TXT='L.SILAN' @ (795,832) dist=2032.5
2025-06-09 15:03:51 UTC | [DEBUG][DIST] TXT='B' @ (393,101) dist=2827.8
2025-06-09 15:03:51 UTC | [DEBUG][DIST] TXT='C' @ (473,444) dist=2530.7
2025-06-09 15:03:51 UTC | [DEBUG][DIST] TXT='A' @ (645,553) dist=2330.4
2025-06-09 15:03:51 UTC | [DEBUG][DIST] TXT='REVISION' @ (330,86) dist=2882.4
2025-06-09 15:03:51 UTC | [DEBUG][DIST] TXT='S)' @ (455,86) dist=2796.5
2025-06-09 15:03:51 UTC | [DEBUG][DIST] TXT='DATE' @ (148,149) dist=2969.6
2025-06-09 15:03:51 UTC | [DEBUG][DIST] TXT='|' @ (239,151) dist=2901.6
2025-06-09 15:03:51 UTC | [DEBUG][DIST] TXT='REV.|}ECO' @ (393,147) dist=2794.7
2025-06-09 15:03:51 UTC | [DEBUG][DIST] TXT='NUM' @ (574,148) dist=2670.7
2025-06-09 15:03:51 UTC | [DEBUG][DIST] TXT='RE' @ (329,201) dist=2802.0
2025-06-09 15:03:51 UTC | [DEBUG][DIST] TXT='DESIGNATION' @ (5431,3810) dist=3506.0
2025-06-09 15:03:51 UTC | [DEBUG][DIST] TXT='SIZE' @ (6469,3805) dist=4445.4
2025-06-09 15:03:51 UTC | [DEBUG][DIST] TXT='FLANGE' @ (5144,3913) dist=3309.9
2025-06-09 15:03:51 UTC | [DEBUG][DIST] TXT='MODEL' @ (5476,3913) dist=3595.1
2025-06-09 15:03:51 UTC | [DEBUG][DIST] TXT='TARGET' @ (5809,3913) dist=3888.6
2025-06-09 15:03:51 UTC | [DEBUG][DIST] TXT='CONFIDENTIAL:' @ (5001,4421) dist=3496.6
2025-06-09 15:03:51 UTC | [DEBUG][DIST] TXT='This' @ (5129,4422) dist=3595.5
2025-06-09 15:03:51 UTC | [DEBUG][DIST] TXT='document' @ (5216,4422) dist=3663.3
2025-06-09 15:03:51 UTC | [DEBUG][DIST] TXT='contains' @ (5326,4422) dist=3750.1
2025-06-09 15:03:51 UTC | [DEBUG][DIST] TXT='confidential' @ (5444,4421) dist=3844.0
2025-06-09 15:03:51 UTC | [DEBUG][DIST] TXT='or' @ (5527,4424) dist=3913.0
2025-06-09 15:03:51 UTC | [DEBUG][DIST] TXT='proprietary' @ (5606,4424) dist=3977.5
2025-06-09 15:03:51 UTC | [DEBUG][DIST] TXT='information' @ (5736,4421) dist=4083.2
2025-06-09 15:03:51 UTC | [DEBUG][DIST] TXT='not' @ (5824,4422) dist=4157.1
2025-06-09 15:03:51 UTC | [DEBUG][DIST] TXT='intended' @ (5897,4422) dist=4218.4
2025-06-09 15:03:51 UTC | [DEBUG][DIST] TXT='for' @ (4991,4447) dist=3506.0
2025-06-09 15:03:51 UTC | [DEBUG][DIST] TXT='public' @ (5046,4450) dist=3549.6
2025-06-09 15:03:51 UTC | [DEBUG][DIST] TXT='disclosure' @ (5143,4448) dist=3622.8
2025-06-09 15:03:51 UTC | [DEBUG][DIST] TXT='and' @ (5227,4448) dist=3688.0
2025-06-09 15:03:51 UTC | [DEBUG][DIST] TXT='shared' @ (5294,4448) dist=3740.7
2025-06-09 15:03:51 UTC | [DEBUG][DIST] TXT='only' @ (5364,4450) dist=3797.3
2025-06-09 15:03:51 UTC | [DEBUG][DIST] TXT='und' @ (5429,4448) dist=3848.0
2025-06-09 15:03:51 UTC | [DEBUG][DIST] TXT='binding' @ (5528,4450) dist=3929.0
2025-06-09 15:03:51 UTC | [DEBUG][DIST] TXT='non-di' @ (5611,4448) dist=3995.4
2025-06-09 15:03:51 UTC | [DEBUG][DIST] TXT='e' @ (5734,4450) dist=4097.7
2025-06-09 15:03:51 UTC | [DEBUG][DIST] TXT='agreement.' @ (5811,4448) dist=4160.5
2025-06-09 15:03:51 UTC | [DEBUG][DIST] TXT='1' @ (6409,4462) dist=4677.5
2025-06-09 15:03:51 UTC | [DEBUG][DIST] TXT='ortion' @ (5034,4474) dist=3556.2
2025-06-09 15:03:51 UTC | [DEBUG][DIST] TXT='of' @ (5084,4473) dist=3593.5
2025-06-09 15:03:51 UTC | [DEBUG][DIST] TXT='this' @ (5121,4474) dist=3622.4
2025-06-09 15:03:51 UTC | [DEBUG][DIST] TXT='document' @ (5204,4474) dist=3686.4
2025-06-09 15:03:51 UTC | [DEBUG][DIST] TXT='may' @ (5284,4476) dist=3750.1
2025-06-09 15:03:51 UTC | [DEBUG][DIST] TXT='be' @ (5335,4474) dist=3789.0
2025-06-09 15:03:51 UTC | [DEBUG][DIST] TXT='i' @ (5572,4466) dist=3974.1
2025-06-09 15:03:51 UTC | [DEBUG][DIST] TXT='ed' @ (5888,4474) dist=4239.1
2025-06-09 15:03:51 UTC | [DEBUG][DIST] TXT='NUMBER' @ (5913,4529) dist=4290.3
2025-06-09 15:03:51 UTC | [DEBUG][DIST] TXT='|' @ (6375,4529) dist=4681.7
2025-06-09 15:03:51 UTC | [DEBUG][DIST] TXT='SHEET' @ (6474,4529) dist=4767.2
2025-06-09 15:03:51 UTC | [DEBUG][DIST] TXT='—' @ (5333,4504) dist=3805.9
2025-06-09 15:03:51 UTC | [DEBUG][DIST] TXT='-' @ (5386,4478) dist=3831.8
2025-06-09 15:03:51 UTC | [DEBUG][DIST] TXT='——' @ (5780,4476) dist=4150.4
2025-06-09 15:03:51 UTC | [DEBUG][DIST] TXT='ean' @ (4391,4586) dist=3183.4
2025-06-09 15:03:51 UTC | [DEBUG][DIST] TXT='{>' @ (4644,4586) dist=3351.7
2025-06-09 15:03:51 UTC | [DEBUG][DIST] TXT='TTT' @ (5209,4586) dist=3761.9
2025-06-09 15:03:51 UTC | [DEBUG][DIST] TXT='M0t66-08-0007-00' @ (5986,4586) dist=4382.7
2025-06-09 15:03:51 UTC | [DEBUG][DIST] TXT='No' @ (4963,4474) dist=3502.8
2025-06-09 15:03:51 UTC | [DEBUG][DIST] TXT='pi' @ (4993,4476) dist=3526.6
2025-06-09 15:03:51 UTC | [DEBUG][DIST] TXT='reproduced,' @ (5423,4476) dist=3860.0
2025-06-09 15:03:51 UTC | [DEBUG][DIST] TXT='redistributed,' @ (5571,4475) dist=3978.5
2025-06-09 15:03:51 UTC | [DEBUG][DIST] TXT='or' @ (5665,4476) dist=4055.7
2025-06-09 15:03:51 UTC | [DEBUG][DIST] TXT='otherwise' @ (5724,4466) dist=4098.5
2025-06-09 15:03:51 UTC | [DEBUG][DIST] TXT='disclos' @ (5836,4474) dist=4195.8
2025-06-09 15:03:51 UTC | [NO_MATCH] Aucun texte trouvé pour la cote pos=(148.8869250755, 160.5596024525) - Textes candidats: ['SCALE\nDESIGNATION\nSIZE\nA3', 'MEC DESIGNER\nREQUESTER\nDESIGN OFFICE MNG\nCMD\nNUMBER\nSHEET', 'REVISIONS\nDATE\nREV. ECO NUM', '1.000', 'CONFIDENTIAL: This document contains confidential or proprietary information not intended\nfor public disclosure and shared only under a binding non-disclosure agreement. \nNo portion of this document may be reproduced, redistributed, or otherwise disclosed', 'M0166-05-0001-00', '&PTC_WM_REVISION\n&PTC_WM_MODIFIED_ON', '28', '72 0\n-0.5', '72 0\n-0.5', '0.25\nA B\nC', '44+0.4\n 0', '0.25\nA B\nC', '4x \n8+0.25\n 0', '48', '48', '4x R6', 'FLANGE MODEL TARGET', 'L.SILAN', 'B', 'C', 'A', 'REVISION', 'S)', 'DATE', '|', 'REV.|}ECO', 'NUM', 'RE', 'DESIGNATION', 'SIZE', 'FLANGE', 'MODEL', 'TARGET', 'CONFIDENTIAL:', 'This', 'document', 'contains', 'confidential', 'or', 'proprietary', 'information', 'not', 'intended', 'for', 'public', 'disclosure', 'and', 'shared', 'only', 'und', 'binding', 'non-di', 'e', 'agreement.', '1', 'ortion', 'of', 'this', 'document', 'may', 'be', 'i', 'ed', 'NUMBER', '|', 'SHEET', '—', '-', '——', 'ean', '{>', 'TTT', 'M0t66-08-0007-00', 'No', 'pi', 'reproduced,', 'redistributed,', 'or', 'otherwise', 'disclos']
2025-06-09 15:03:51 UTC | Enrichissement robuste des dimensions (industry ready) terminé.
2025-06-09 15:03:51 UTC | Détection des datums...
2025-06-09 15:03:51 UTC | 10 datums détectés (handles uniques).
2025-06-09 15:03:51 UTC | Détection des flèches (brute-force & filtrage)...
2025-06-09 15:03:51 UTC | 163 flèches candidates détectées (après filtrage/dédoublonnage).
2025-06-09 15:03:51 UTC | Association flèches / cotes...
2025-06-09 15:03:51 UTC | 5 flèches associées à une cote. 158 orphelines.
2025-06-09 15:03:51 UTC | Extraction terminée, JSON écrit: F:/MetricX_beta_0.1/dxf_datas_extract/Module_C_V3_Fusion.json
